TN:
SF:js/action/SAction.js
FN:24,_interopRequireDefault
FN:26,_classCallCheck
FN:28,_defineProperties
FN:30,_createClass
FN:32,_inherits
FN:34,_setPrototypeOf
FN:34,_setPrototypeOf
FN:36,_createSuper
FN:36,_createSuperInternal
FN:38,_possibleConstructorReturn
FN:40,_assertThisInitialized
FN:42,_isNativeReflectConstruct
FN:42,(anonymous_12)
FN:44,_getPrototypeOf
FN:44,_getPrototypeOf
FN:46,_defineProperty
FN:69,(anonymous_16)
FN:124,on
FN:127,(anonymous_18)
FN:145,SAction
FN:150,(anonymous_20)
FN:172,run
FN:173,(anonymous_22)
FN:180,(anonymous_23)
FN:203,toJson
FN:228,(anonymous_25)
FNF:26
FNH:18
FNDA:8,_interopRequireDefault
FNDA:1,_classCallCheck
FNDA:2,_defineProperties
FNDA:2,_createClass
FNDA:1,_inherits
FNDA:1,_setPrototypeOf
FNDA:0,_setPrototypeOf
FNDA:1,_createSuper
FNDA:1,_createSuperInternal
FNDA:1,_possibleConstructorReturn
FNDA:2,_assertThisInitialized
FNDA:1,_isNativeReflectConstruct
FNDA:0,(anonymous_12)
FNDA:1,_getPrototypeOf
FNDA:0,_getPrototypeOf
FNDA:3,_defineProperty
FNDA:1,(anonymous_16)
FNDA:0,on
FNDA:0,(anonymous_18)
FNDA:1,SAction
FNDA:1,(anonymous_20)
FNDA:0,run
FNDA:0,(anonymous_22)
FNDA:0,(anonymous_23)
FNDA:1,toJson
FNDA:1,(anonymous_25)
DA:3,1
DA:6,1
DA:8,1
DA:10,1
DA:12,1
DA:14,1
DA:16,1
DA:18,1
DA:20,1
DA:22,1
DA:24,8
DA:26,1
DA:28,3
DA:30,2
DA:32,1
DA:34,1
DA:36,1
DA:38,1
DA:40,2
DA:42,1
DA:44,1
DA:46,3
DA:69,1
DA:70,1
DA:72,1
DA:74,1
DA:125,0
DA:127,0
DA:128,0
DA:148,1
DA:150,1
DA:151,1
DA:152,1
DA:153,1
DA:170,1
DA:173,0
DA:174,0
DA:176,0
DA:177,0
DA:180,0
DA:181,0
DA:183,0
DA:184,0
DA:187,0
DA:204,1
DA:205,1
DA:207,1
DA:208,1
DA:209,1
DA:210,1
DA:214,1
DA:215,1
DA:223,1
DA:226,1
DA:228,1
DA:230,1
LF:56
LH:44
BRDA:24,0,0,0
BRDA:24,0,1,8
BRDA:24,1,0,8
BRDA:24,1,1,8
BRDA:26,2,0,0
BRDA:26,2,1,1
BRDA:28,3,0,3
BRDA:28,3,1,3
BRDA:28,4,0,3
BRDA:28,4,1,0
BRDA:30,5,0,1
BRDA:30,5,1,1
BRDA:30,6,0,1
BRDA:30,6,1,1
BRDA:32,7,0,0
BRDA:32,7,1,1
BRDA:32,8,0,1
BRDA:32,8,1,0
BRDA:32,9,0,1
BRDA:32,9,1,1
BRDA:32,10,0,1
BRDA:32,10,1,0
BRDA:34,11,0,1
BRDA:34,11,1,0
BRDA:36,12,0,1
BRDA:36,12,1,0
BRDA:38,13,0,1
BRDA:38,13,1,0
BRDA:38,14,0,1
BRDA:38,14,1,1
BRDA:38,14,2,0
BRDA:40,15,0,0
BRDA:40,15,1,2
BRDA:42,16,0,0
BRDA:42,16,1,1
BRDA:42,17,0,1
BRDA:42,17,1,1
BRDA:42,18,0,0
BRDA:42,18,1,1
BRDA:42,19,0,1
BRDA:42,19,1,0
BRDA:44,20,0,1
BRDA:44,20,1,0
BRDA:44,21,0,0
BRDA:44,21,1,0
BRDA:46,22,0,1
BRDA:46,22,1,2
BRDA:145,23,0,0
BRDA:208,24,0,1
BRDA:208,24,1,0
BRDA:214,25,0,0
BRDA:214,25,1,1
BRF:52
BRH:32
end_of_record
TN:
SF:js/action/typeMap.js
FNF:0
FNH:0
DA:3,1
DA:16,1
LF:2
LH:2
BRF:0
BRH:0
end_of_record
TN:
SF:js/action/browser/SUrlAction.js
FN:14,_interopRequireDefault
FN:16,_classCallCheck
FN:18,_defineProperties
FN:20,_createClass
FN:22,_get
FN:22,_get
FN:24,_superPropBase
FN:26,_inherits
FN:28,_setPrototypeOf
FN:28,_setPrototypeOf
FN:30,_createSuper
FN:30,_createSuperInternal
FN:32,_possibleConstructorReturn
FN:34,_assertThisInitialized
FN:36,_isNativeReflectConstruct
FN:36,(anonymous_15)
FN:38,_getPrototypeOf
FN:38,_getPrototypeOf
FN:70,(anonymous_18)
FN:85,SUrlAction
FN:106,run
FN:110,(anonymous_21)
FNF:22
FNH:13
FNDA:3,_interopRequireDefault
FNDA:1,_classCallCheck
FNDA:1,_defineProperties
FNDA:1,_createClass
FNDA:0,_get
FNDA:0,_get
FNDA:0,_superPropBase
FNDA:1,_inherits
FNDA:1,_setPrototypeOf
FNDA:0,_setPrototypeOf
FNDA:1,_createSuper
FNDA:1,_createSuperInternal
FNDA:1,_possibleConstructorReturn
FNDA:0,_assertThisInitialized
FNDA:1,_isNativeReflectConstruct
FNDA:0,(anonymous_15)
FNDA:1,_getPrototypeOf
FNDA:0,_getPrototypeOf
FNDA:1,(anonymous_18)
FNDA:1,SUrlAction
FNDA:0,run
FNDA:0,(anonymous_21)
DA:3,1
DA:6,1
DA:8,1
DA:10,1
DA:12,1
DA:14,3
DA:16,1
DA:18,1
DA:20,1
DA:22,0
DA:24,0
DA:26,1
DA:28,1
DA:30,1
DA:32,1
DA:34,0
DA:36,1
DA:38,1
DA:70,1
DA:71,1
DA:73,1
DA:86,1
DA:88,1
DA:104,1
DA:107,0
DA:109,0
DA:110,0
DA:112,0
DA:115,0
DA:116,0
DA:117,0
DA:118,0
DA:122,0
DA:123,0
DA:127,0
DA:129,0
DA:133,1
DA:136,1
DA:137,1
LF:39
LH:24
BRDA:14,0,0,0
BRDA:14,0,1,3
BRDA:14,1,0,3
BRDA:14,1,1,3
BRDA:16,2,0,0
BRDA:16,2,1,1
BRDA:18,3,0,1
BRDA:18,3,1,1
BRDA:18,4,0,1
BRDA:18,4,1,0
BRDA:20,5,0,1
BRDA:20,5,1,0
BRDA:20,6,0,0
BRDA:20,6,1,1
BRDA:22,7,0,0
BRDA:22,7,1,0
BRDA:22,8,0,0
BRDA:22,8,1,0
BRDA:22,9,0,0
BRDA:22,9,1,0
BRDA:22,10,0,0
BRDA:22,10,1,0
BRDA:22,11,0,0
BRDA:22,11,1,0
BRDA:24,12,0,0
BRDA:24,12,1,0
BRDA:26,13,0,0
BRDA:26,13,1,1
BRDA:26,14,0,1
BRDA:26,14,1,0
BRDA:26,15,0,1
BRDA:26,15,1,1
BRDA:26,16,0,1
BRDA:26,16,1,0
BRDA:28,17,0,1
BRDA:28,17,1,0
BRDA:30,18,0,1
BRDA:30,18,1,0
BRDA:32,19,0,1
BRDA:32,19,1,0
BRDA:32,20,0,1
BRDA:32,20,1,1
BRDA:32,20,2,0
BRDA:34,21,0,0
BRDA:34,21,1,0
BRDA:36,22,0,0
BRDA:36,22,1,1
BRDA:36,23,0,1
BRDA:36,23,1,1
BRDA:36,24,0,0
BRDA:36,24,1,1
BRDA:36,25,0,1
BRDA:36,25,1,0
BRDA:38,26,0,1
BRDA:38,26,1,0
BRDA:38,27,0,0
BRDA:38,27,1,0
BRDA:85,28,0,1
BRDA:109,29,0,0
BRDA:109,29,1,0
BRDA:112,30,0,0
BRDA:112,30,1,0
BRDA:112,30,2,0
BRDA:112,30,3,0
BRDA:115,31,0,0
BRDA:115,31,1,0
BRDA:117,32,0,0
BRDA:117,32,1,0
BRDA:117,33,0,0
BRDA:117,33,1,0
BRDA:117,34,0,0
BRDA:117,34,1,0
BRDA:117,35,0,0
BRDA:117,35,1,0
BRDA:128,36,0,0
BRDA:128,36,1,0
BRF:76
BRH:26
end_of_record
TN:
SF:js/array/proxy.js
FN:10,_interopRequireDefault
FN:36,proxy
FN:46,_proxyMethod
FN:48,(anonymous_3)
FN:62,(anonymous_4)
FN:73,(anonymous_5)
FN:80,(anonymous_6)
FN:113,(anonymous_7)
FN:145,(anonymous_8)
FNF:9
FNH:8
FNDA:6,_interopRequireDefault
FNDA:2,proxy
FNDA:2,_proxyMethod
FNDA:2,(anonymous_3)
FNDA:2,(anonymous_4)
FNDA:66,(anonymous_5)
FNDA:2,(anonymous_6)
FNDA:2,(anonymous_7)
FNDA:0,(anonymous_8)
DA:3,6
DA:6,6
DA:8,6
DA:10,6
DA:37,2
DA:38,2
DA:40,2
DA:47,2
DA:48,2
DA:49,2
DA:50,2
DA:51,2
DA:61,2
DA:62,2
DA:63,2
DA:67,2
DA:69,2
DA:73,2
DA:74,66
DA:75,66
DA:76,62
DA:81,2
DA:109,2
DA:115,2
DA:117,2
DA:122,2
DA:141,2
DA:147,0
DA:151,2
DA:154,6
LF:30
LH:29
BRDA:10,0,0,0
BRDA:10,0,1,6
BRDA:10,1,0,6
BRDA:10,1,1,6
BRDA:37,2,0,0
BRDA:37,2,1,2
BRDA:50,3,0,0
BRDA:50,3,1,2
BRDA:75,4,0,4
BRDA:75,4,1,62
BRF:10
BRH:7
end_of_record
TN:
SF:js/array/unique.js
FN:26,unique
FNF:1
FNH:1
FNDA:1,unique
DA:3,35
DA:6,35
DA:27,1
DA:29,1
DA:30,5
DA:31,13
DA:35,1
DA:38,35
LF:8
LH:8
BRDA:31,0,0,2
BRDA:31,0,1,11
BRF:2
BRH:2
end_of_record
TN:
SF:js/cache/SCache.js
FN:16,_interopRequireDefault
FN:18,_getRequireWildcardCache
FN:18,(anonymous_2)
FN:20,_interopRequireWildcard
FN:22,_classCallCheck
FN:24,_defineProperties
FN:26,_createClass
FN:28,_defineProperty
FN:49,(anonymous_8)
FN:108,SCache
FN:153,getAdapter
FN:162,(anonymous_11)
FN:191,get
FN:238,set
FN:285,_delete
FN:307,clear
FN:329,_parse
FN:348,_stringify
FNF:18
FNH:16
FNDA:4,_interopRequireDefault
FNDA:1,_getRequireWildcardCache
FNDA:0,(anonymous_2)
FNDA:1,_interopRequireWildcard
FNDA:1,_classCallCheck
FNDA:1,_defineProperties
FNDA:1,_createClass
FNDA:4,_defineProperty
FNDA:1,(anonymous_8)
FNDA:1,SCache
FNDA:5,getAdapter
FNDA:1,(anonymous_11)
FNDA:3,get
FNDA:1,set
FNDA:1,_delete
FNDA:0,clear
FNDA:1,_parse
FNDA:1,_stringify
DA:3,1
DA:6,1
DA:8,1
DA:10,1
DA:12,1
DA:14,1
DA:16,4
DA:18,1
DA:20,1
DA:22,1
DA:24,7
DA:26,1
DA:28,4
DA:49,1
DA:109,1
DA:111,1
DA:113,1
DA:115,1
DA:120,1
DA:123,1
DA:124,0
DA:128,1
DA:129,0
DA:132,1
DA:133,1
DA:151,1
DA:155,5
DA:157,1
DA:159,1
DA:160,1
DA:162,1
DA:163,1
DA:164,1
DA:165,0
DA:166,0
DA:170,1
DA:193,3
DA:195,3
DA:197,3
DA:199,1
DA:201,1
DA:203,0
DA:205,0
DA:210,1
DA:211,0
DA:240,1
DA:241,0
DA:245,1
DA:247,1
DA:249,1
DA:254,1
DA:255,1
DA:264,1
DA:266,1
DA:287,1
DA:289,1
DA:309,0
DA:311,0
DA:330,1
DA:349,1
DA:353,1
DA:356,1
DA:357,1
LF:63
LH:53
BRDA:16,0,0,0
BRDA:16,0,1,4
BRDA:16,1,0,4
BRDA:16,1,1,4
BRDA:18,2,0,0
BRDA:18,2,1,1
BRDA:20,3,0,0
BRDA:20,3,1,1
BRDA:20,4,0,1
BRDA:20,4,1,1
BRDA:20,5,0,0
BRDA:20,5,1,1
BRDA:20,6,0,1
BRDA:20,6,1,1
BRDA:20,6,2,1
BRDA:20,7,0,0
BRDA:20,7,1,1
BRDA:20,8,0,1
BRDA:20,8,1,1
BRDA:20,9,0,1
BRDA:20,9,1,1
BRDA:20,10,0,0
BRDA:20,10,1,0
BRDA:20,11,0,0
BRDA:20,11,1,0
BRDA:20,12,0,0
BRDA:20,12,1,0
BRDA:20,13,0,0
BRDA:20,13,1,0
BRDA:20,13,2,0
BRDA:20,14,0,1
BRDA:20,14,1,0
BRDA:22,15,0,0
BRDA:22,15,1,1
BRDA:24,16,0,7
BRDA:24,16,1,7
BRDA:24,17,0,7
BRDA:24,17,1,0
BRDA:26,18,0,1
BRDA:26,18,1,0
BRDA:26,19,0,0
BRDA:26,19,1,1
BRDA:28,20,0,0
BRDA:28,20,1,4
BRDA:108,21,0,0
BRDA:123,22,0,0
BRDA:123,22,1,1
BRDA:128,23,0,0
BRDA:128,23,1,1
BRDA:136,24,0,1
BRDA:136,24,1,0
BRDA:155,25,0,4
BRDA:155,25,1,1
BRDA:159,26,0,1
BRDA:159,26,1,0
BRDA:159,27,0,1
BRDA:159,27,1,1
BRDA:163,28,0,1
BRDA:163,28,1,0
BRDA:165,29,0,0
BRDA:165,29,1,0
BRDA:191,30,0,2
BRDA:197,31,0,2
BRDA:197,31,1,1
BRDA:197,32,0,3
BRDA:197,32,1,1
BRDA:199,33,0,0
BRDA:199,33,1,1
BRDA:201,34,0,0
BRDA:201,34,1,1
BRDA:201,35,0,1
BRDA:201,35,1,0
BRDA:203,36,0,0
BRDA:203,36,1,0
BRDA:210,37,0,1
BRDA:210,37,1,0
BRDA:238,38,0,1
BRDA:240,39,0,0
BRDA:240,39,1,1
BRDA:254,40,0,1
BRDA:254,40,1,0
BRDA:254,41,0,0
BRDA:254,41,1,0
BRDA:258,42,0,0
BRDA:258,42,1,1
BRDA:264,43,0,0
BRDA:264,43,1,1
BRF:87
BRH:47
end_of_record
TN:
SF:js/cache/adapters/SCacheAdapter.js
FN:7,_interopRequireDefault
FN:9,_classCallCheck
FN:11,_defineProperty
FN:64,SCacheAdapter
FNF:4
FNH:4
FNDA:1,_interopRequireDefault
FNDA:1,_classCallCheck
FNDA:1,_defineProperty
FNDA:1,SCacheAdapter
DA:3,1
DA:7,1
DA:9,1
DA:11,1
DA:43,1
DA:65,1
DA:67,1
DA:70,1
LF:8
LH:8
BRDA:7,0,0,0
BRDA:7,0,1,1
BRDA:7,1,0,1
BRDA:7,1,1,1
BRDA:9,2,0,0
BRDA:9,2,1,1
BRDA:11,3,0,0
BRDA:11,3,1,1
BRDA:64,4,0,0
BRF:9
BRH:5
end_of_record
TN:
SF:js/class/getMethods.js
FN:30,getMethods
FN:41,(anonymous_1)
FNF:2
FNH:2
FNDA:1,getMethods
FNDA:5,(anonymous_1)
DA:3,1
DA:6,1
DA:31,1
DA:32,1
DA:34,1
DA:35,3
DA:37,3
DA:38,2
DA:41,1
DA:42,5
DA:46,1
LF:11
LH:11
BRDA:37,0,0,1
BRDA:37,0,1,2
BRDA:42,1,0,3
BRDA:42,1,1,2
BRDA:42,2,0,5
BRDA:42,2,1,5
BRF:6
BRH:6
end_of_record
TN:
SF:js/class/methodExists.js
FN:29,methodExists
FN:32,(anonymous_1)
FNF:2
FNH:2
FNDA:2,methodExists
FNDA:5,(anonymous_1)
DA:3,1
DA:6,1
DA:30,2
DA:31,2
DA:32,2
DA:33,5
DA:35,2
DA:38,1
LF:8
LH:8
BRDA:31,0,0,0
BRDA:31,0,1,2
BRDA:33,1,0,1
BRDA:33,1,1,4
BRDA:35,2,0,1
BRDA:35,2,1,1
BRF:6
BRH:5
end_of_record
TN:
SF:js/class/toPlainObject.js
FN:29,toPlainObject
FN:32,(anonymous_1)
FNF:2
FNH:2
FNDA:1,toPlainObject
FNDA:3,(anonymous_1)
DA:3,1
DA:6,1
DA:30,1
DA:31,1
DA:32,1
DA:33,3
DA:34,3
DA:38,1
LF:8
LH:8
BRDA:30,0,0,1
BRDA:30,0,1,0
BRF:2
BRH:1
end_of_record
TN:
SF:js/cli/argsToObject.js
FN:7,_interopRequireDefault
FN:45,argsToObject
FNF:2
FNH:2
FNDA:4,_interopRequireDefault
FNDA:1,argsToObject
DA:3,2
DA:5,2
DA:7,4
DA:45,2
DA:46,1
DA:47,1
DA:50,0
LF:7
LH:6
BRDA:7,0,0,0
BRDA:7,0,1,4
BRDA:7,1,0,4
BRDA:7,1,1,4
BRDA:45,2,0,1
BRDA:46,3,0,1
BRDA:46,3,1,0
BRF:7
BRH:5
end_of_record
TN:
SF:js/cli/argsToString.js
FN:7,_interopRequireDefault
FN:56,argsToString
FN:63,(anonymous_2)
FN:71,(anonymous_3)
FNF:4
FNH:3
FNDA:4,_interopRequireDefault
FNDA:3,argsToString
FNDA:0,(anonymous_2)
FNDA:3,(anonymous_3)
DA:3,2
DA:5,2
DA:7,4
DA:56,2
DA:57,3
DA:58,0
DA:61,3
DA:62,0
DA:63,0
DA:64,0
DA:66,0
DA:69,3
DA:71,3
DA:72,3
DA:73,3
DA:74,3
DA:75,2
DA:76,2
DA:78,2
DA:79,0
DA:82,2
DA:83,2
DA:84,2
DA:86,2
DA:87,0
DA:90,2
DA:92,3
LF:27
LH:20
BRDA:7,0,0,0
BRDA:7,0,1,4
BRDA:7,1,0,4
BRDA:7,1,1,4
BRDA:56,2,0,0
BRDA:56,3,0,0
BRDA:57,4,0,0
BRDA:57,4,1,3
BRDA:61,5,0,0
BRDA:61,5,1,3
BRDA:73,6,0,0
BRDA:73,6,1,3
BRDA:74,7,0,1
BRDA:74,7,1,2
BRDA:74,8,0,3
BRDA:74,8,1,1
BRDA:75,9,0,2
BRDA:75,9,1,0
BRDA:76,10,0,0
BRDA:76,10,1,2
BRDA:76,11,0,2
BRDA:76,11,1,2
BRDA:78,12,0,0
BRDA:78,12,1,2
BRDA:78,13,0,2
BRDA:78,13,1,2
BRDA:78,13,2,2
BRDA:78,13,3,2
BRDA:83,14,0,0
BRDA:83,14,1,2
BRDA:84,15,0,2
BRDA:84,15,1,0
BRDA:86,16,0,0
BRDA:86,16,1,2
BRDA:86,17,0,2
BRDA:86,17,1,2
BRF:36
BRH:24
end_of_record
TN:
SF:js/cli/buildCommandLine.js
FN:12,_interopRequireDefault
FN:63,buildCommandLine
FN:67,(anonymous_2)
FNF:3
FNH:3
FNDA:4,_interopRequireDefault
FNDA:3,buildCommandLine
FNDA:12,(anonymous_2)
DA:3,2
DA:6,2
DA:8,2
DA:10,2
DA:12,4
DA:64,3
DA:66,3
DA:67,3
DA:68,12
DA:69,12
DA:70,9
DA:71,9
DA:73,9
DA:74,0
DA:75,0
DA:78,9
DA:79,9
DA:82,3
DA:83,3
DA:84,3
DA:87,2
LF:21
LH:19
BRDA:12,0,0,0
BRDA:12,0,1,4
BRDA:12,1,0,4
BRDA:12,1,1,4
BRDA:63,2,0,0
BRDA:63,3,0,1
BRDA:66,4,0,3
BRDA:66,4,1,0
BRDA:69,5,0,3
BRDA:69,5,1,9
BRDA:70,6,0,3
BRDA:70,6,1,6
BRDA:70,7,0,9
BRDA:70,7,1,9
BRDA:70,8,0,6
BRDA:70,8,1,0
BRDA:73,9,0,0
BRDA:73,9,1,9
BRF:18
BRH:13
end_of_record
TN:
SF:js/cli/completeArgsObject.js
FN:22,_interopRequireDefault
FN:44,completeArgsObject
FN:50,(anonymous_2)
FNF:3
FNH:3
FNDA:28,_interopRequireDefault
FNDA:2,completeArgsObject
FNDA:12,(anonymous_2)
DA:3,4
DA:6,4
DA:8,4
DA:10,4
DA:12,4
DA:14,4
DA:16,4
DA:18,4
DA:20,4
DA:22,28
DA:45,2
DA:46,2
DA:50,2
DA:51,12
DA:53,12
DA:54,3
DA:58,2
DA:59,2
DA:61,2
DA:64,4
LF:20
LH:20
BRDA:22,0,0,0
BRDA:22,0,1,28
BRDA:22,1,0,28
BRDA:22,1,1,28
BRDA:44,2,0,2
BRDA:53,3,0,3
BRDA:53,3,1,9
BRDA:53,4,0,12
BRDA:53,4,1,4
BRDA:59,5,0,0
BRDA:59,5,1,2
BRDA:59,6,0,2
BRDA:59,6,1,0
BRF:13
BRH:10
end_of_record
TN:
SF:js/cli/parseArgs.js
FN:32,_interopRequireDefault
FN:76,parseArgsString
FN:83,(anonymous_2)
FN:89,(anonymous_3)
FN:158,getArgNameByAlias
FNF:5
FNH:5
FNDA:48,_interopRequireDefault
FNDA:2,parseArgsString
FNDA:14,(anonymous_2)
FNDA:14,(anonymous_3)
FNDA:6,getArgNameByAlias
DA:3,4
DA:6,4
DA:8,4
DA:10,4
DA:12,4
DA:14,4
DA:16,4
DA:18,4
DA:20,4
DA:22,4
DA:24,4
DA:26,4
DA:28,4
DA:30,4
DA:32,48
DA:77,2
DA:80,2
DA:82,2
DA:83,2
DA:84,14
DA:86,2
DA:87,2
DA:88,2
DA:89,2
DA:90,14
DA:92,14
DA:93,6
DA:94,6
DA:95,6
DA:96,6
DA:97,6
DA:98,6
DA:101,8
DA:103,8
DA:104,1
DA:105,1
DA:106,1
DA:108,1
DA:109,1
DA:110,0
DA:113,1
DA:114,1
DA:117,7
DA:118,7
DA:120,7
DA:121,3
DA:123,3
DA:124,3
DA:125,3
DA:126,0
DA:129,3
DA:134,4
DA:138,8
DA:140,2
DA:142,2
DA:143,12
DA:145,12
DA:147,1
DA:148,1
DA:152,11
DA:155,2
DA:159,6
DA:161,6
DA:162,29
DA:163,29
DA:166,2
DA:169,4
LF:67
LH:65
BRDA:32,0,0,4
BRDA:32,0,1,44
BRDA:32,1,0,48
BRDA:32,1,1,48
BRDA:76,2,0,0
BRDA:76,3,0,1
BRDA:82,4,0,2
BRDA:82,4,1,0
BRDA:92,5,0,6
BRDA:92,5,1,8
BRDA:92,6,0,14
BRDA:92,6,1,12
BRDA:93,7,0,6
BRDA:93,7,1,2
BRDA:103,8,0,1
BRDA:103,8,1,7
BRDA:108,9,0,1
BRDA:108,9,1,0
BRDA:109,10,0,0
BRDA:109,10,1,1
BRDA:109,11,0,1
BRDA:109,11,1,0
BRDA:117,12,0,7
BRDA:117,12,1,0
BRDA:120,13,0,3
BRDA:120,13,1,4
BRDA:121,14,0,0
BRDA:121,14,1,3
BRDA:121,15,0,1
BRDA:121,15,1,2
BRDA:123,16,0,3
BRDA:123,16,1,0
BRDA:124,17,0,3
BRDA:124,17,1,0
BRDA:125,18,0,0
BRDA:125,18,1,3
BRDA:125,19,0,3
BRDA:125,19,1,3
BRDA:145,20,0,1
BRDA:145,20,1,11
BRDA:145,21,0,12
BRDA:145,21,1,5
BRDA:163,22,0,4
BRDA:163,22,1,25
BRDA:163,23,0,29
BRDA:163,23,1,22
BRF:46
BRH:36
end_of_record
TN:
SF:js/color/SColor.js
FN:32,_interopRequireDefault
FN:34,_classCallCheck
FN:36,_defineProperties
FN:38,_createClass
FN:40,_defineProperty
FN:81,(anonymous_5)
FN:169,SColor
FN:209,getColor
FN:233,_parse
FN:263,_convert2
FN:303,toHex
FN:322,toHsl
FN:341,toHsv
FN:360,toRgba
FN:390,reset
FN:412,desaturate
FN:442,saturate
FN:471,grayscale
FN:499,spin
FN:535,transparentize
FN:565,alpha
FN:595,opacity
FN:616,opacify
FN:646,darken
FN:676,lighten
FN:704,toHexString
FN:723,toRgbaString
FN:742,toHslString
FN:763,toHsvString
FN:786,toString
FN:808,(anonymous_30)
FN:811,(anonymous_31)
FN:831,(anonymous_32)
FN:834,(anonymous_33)
FN:854,(anonymous_34)
FN:857,(anonymous_35)
FN:877,(anonymous_36)
FN:880,(anonymous_37)
FN:901,(anonymous_38)
FN:904,(anonymous_39)
FN:930,(anonymous_40)
FN:933,(anonymous_41)
FN:959,(anonymous_42)
FN:962,(anonymous_43)
FN:988,(anonymous_44)
FN:991,(anonymous_45)
FNF:46
FNH:5
FNDA:12,_interopRequireDefault
FNDA:0,_classCallCheck
FNDA:1,_defineProperties
FNDA:1,_createClass
FNDA:1,_defineProperty
FNDA:1,(anonymous_5)
FNDA:0,SColor
FNDA:0,getColor
FNDA:0,_parse
FNDA:0,_convert2
FNDA:0,toHex
FNDA:0,toHsl
FNDA:0,toHsv
FNDA:0,toRgba
FNDA:0,reset
FNDA:0,desaturate
FNDA:0,saturate
FNDA:0,grayscale
FNDA:0,spin
FNDA:0,transparentize
FNDA:0,alpha
FNDA:0,opacity
FNDA:0,opacify
FNDA:0,darken
FNDA:0,lighten
FNDA:0,toHexString
FNDA:0,toRgbaString
FNDA:0,toHslString
FNDA:0,toHsvString
FNDA:0,toString
FNDA:0,(anonymous_30)
FNDA:0,(anonymous_31)
FNDA:0,(anonymous_32)
FNDA:0,(anonymous_33)
FNDA:0,(anonymous_34)
FNDA:0,(anonymous_35)
FNDA:0,(anonymous_36)
FNDA:0,(anonymous_37)
FNDA:0,(anonymous_38)
FNDA:0,(anonymous_39)
FNDA:0,(anonymous_40)
FNDA:0,(anonymous_41)
FNDA:0,(anonymous_42)
FNDA:0,(anonymous_43)
FNDA:0,(anonymous_44)
FNDA:0,(anonymous_45)
DA:3,1
DA:6,1
DA:8,1
DA:10,1
DA:12,1
DA:14,1
DA:16,1
DA:18,1
DA:20,1
DA:22,1
DA:24,1
DA:26,1
DA:28,1
DA:30,1
DA:32,12
DA:34,0
DA:36,31
DA:38,1
DA:40,1
DA:81,1
DA:170,0
DA:172,0
DA:174,0
DA:176,0
DA:178,0
DA:180,0
DA:182,0
DA:185,0
DA:190,0
DA:192,0
DA:195,0
DA:207,1
DA:211,0
DA:212,0
DA:216,0
DA:235,0
DA:237,0
DA:238,0
DA:239,0
DA:240,0
DA:242,0
DA:264,0
DA:266,0
DA:272,0
DA:275,0
DA:276,0
DA:279,0
DA:280,0
DA:283,0
DA:284,0
DA:304,0
DA:323,0
DA:342,0
DA:361,0
DA:392,0
DA:413,0
DA:415,0
DA:416,0
DA:417,0
DA:418,0
DA:421,0
DA:422,0
DA:443,0
DA:445,0
DA:446,0
DA:447,0
DA:448,0
DA:451,0
DA:452,0
DA:472,0
DA:473,0
DA:474,0
DA:475,0
DA:478,0
DA:479,0
DA:500,0
DA:501,0
DA:502,0
DA:504,0
DA:505,0
DA:508,0
DA:509,0
DA:510,0
DA:511,0
DA:514,0
DA:515,0
DA:536,0
DA:538,0
DA:539,0
DA:540,0
DA:541,0
DA:544,0
DA:545,0
DA:566,0
DA:568,0
DA:569,0
DA:570,0
DA:571,0
DA:574,0
DA:575,0
DA:596,0
DA:617,0
DA:619,0
DA:620,0
DA:621,0
DA:622,0
DA:625,0
DA:626,0
DA:647,0
DA:649,0
DA:650,0
DA:651,0
DA:652,0
DA:655,0
DA:656,0
DA:677,0
DA:679,0
DA:680,0
DA:681,0
DA:682,0
DA:685,0
DA:686,0
DA:705,0
DA:724,0
DA:743,0
DA:745,0
DA:764,0
DA:766,0
DA:787,0
DA:789,0
DA:790,0
DA:793,0
DA:794,0
DA:797,0
DA:798,0
DA:802,0
DA:803,0
DA:809,0
DA:812,0
DA:813,0
DA:814,0
DA:832,0
DA:835,0
DA:836,0
DA:837,0
DA:855,0
DA:858,0
DA:859,0
DA:860,0
DA:878,0
DA:881,0
DA:882,0
DA:883,0
DA:884,0
DA:902,0
DA:905,0
DA:907,0
DA:908,0
DA:909,0
DA:910,0
DA:911,0
DA:912,0
DA:913,0
DA:931,0
DA:934,0
DA:936,0
DA:937,0
DA:938,0
DA:939,0
DA:940,0
DA:941,0
DA:942,0
DA:960,0
DA:963,0
DA:965,0
DA:966,0
DA:967,0
DA:968,0
DA:969,0
DA:970,0
DA:971,0
DA:989,0
DA:992,0
DA:994,0
DA:995,0
DA:996,0
DA:997,0
DA:998,0
DA:999,0
DA:1000,0
DA:1004,1
DA:1029,1
DA:1172,1
DA:1173,1
DA:1174,1
LF:195
LH:25
BRDA:32,0,0,0
BRDA:32,0,1,12
BRDA:32,1,0,12
BRDA:32,1,1,12
BRDA:34,2,0,0
BRDA:34,2,1,0
BRDA:36,3,0,31
BRDA:36,3,1,31
BRDA:36,4,0,23
BRDA:36,4,1,8
BRDA:38,5,0,1
BRDA:38,5,1,0
BRDA:38,6,0,0
BRDA:38,6,1,1
BRDA:40,7,0,0
BRDA:40,7,1,1
BRDA:169,8,0,0
BRDA:211,9,0,0
BRDA:211,9,1,0
BRDA:211,10,0,0
BRDA:211,10,1,0
BRDA:264,11,0,0
BRDA:264,11,1,0
BRDA:264,11,2,0
BRDA:264,11,3,0
BRDA:412,12,0,0
BRDA:415,13,0,0
BRDA:415,13,1,0
BRDA:442,14,0,0
BRDA:445,15,0,0
BRDA:445,15,1,0
BRDA:471,16,0,0
BRDA:472,17,0,0
BRDA:472,17,1,0
BRDA:499,18,0,0
BRDA:504,19,0,0
BRDA:504,19,1,0
BRDA:508,20,0,0
BRDA:508,20,1,0
BRDA:535,21,0,0
BRDA:538,22,0,0
BRDA:538,22,1,0
BRDA:565,23,0,0
BRDA:568,24,0,0
BRDA:568,24,1,0
BRDA:595,25,0,0
BRDA:616,26,0,0
BRDA:619,27,0,0
BRDA:619,27,1,0
BRDA:646,28,0,0
BRDA:649,29,0,0
BRDA:649,29,1,0
BRDA:676,30,0,0
BRDA:679,31,0,0
BRDA:679,31,1,0
BRDA:786,32,0,0
BRDA:787,33,0,0
BRDA:787,33,1,0
BRDA:787,33,2,0
BRDA:787,33,3,0
BRDA:787,33,4,0
BRDA:813,34,0,0
BRDA:813,34,1,0
BRDA:836,35,0,0
BRDA:836,35,1,0
BRDA:859,36,0,0
BRDA:859,36,1,0
BRDA:882,37,0,0
BRDA:882,37,1,0
BRDA:883,38,0,0
BRDA:883,38,1,0
BRDA:908,39,0,0
BRDA:908,39,1,0
BRDA:937,40,0,0
BRDA:937,40,1,0
BRDA:966,41,0,0
BRDA:966,41,1,0
BRDA:995,42,0,0
BRDA:995,42,1,0
BRF:79
BRH:10
end_of_record
TN:
SF:js/color/convert.js
FN:20,_interopRequireDefault
FN:40,convert
FNF:2
FNH:1
FNDA:6,_interopRequireDefault
FNDA:0,convert
DA:3,1
DA:6,1
DA:8,1
DA:10,1
DA:12,1
DA:14,1
DA:16,1
DA:18,1
DA:20,6
DA:42,0
DA:44,0
DA:45,0
DA:46,0
DA:47,0
DA:48,0
DA:49,0
DA:50,0
DA:51,0
DA:52,0
DA:56,0
DA:58,0
DA:59,0
DA:62,0
DA:63,0
DA:66,0
DA:67,0
DA:71,0
DA:72,0
DA:75,0
DA:76,0
DA:79,0
DA:80,0
DA:81,0
DA:84,0
DA:85,0
DA:86,0
DA:90,0
DA:93,1
LF:38
LH:10
BRDA:20,0,0,0
BRDA:20,0,1,6
BRDA:20,1,0,6
BRDA:20,1,1,6
BRDA:40,2,0,0
BRDA:44,3,0,0
BRDA:44,3,1,0
BRDA:46,4,0,0
BRDA:46,4,1,0
BRDA:47,5,0,0
BRDA:47,5,1,0
BRDA:47,6,0,0
BRDA:47,6,1,0
BRDA:47,6,2,0
BRDA:49,7,0,0
BRDA:49,7,1,0
BRDA:49,8,0,0
BRDA:49,8,1,0
BRDA:49,8,2,0
BRDA:51,9,0,0
BRDA:51,9,1,0
BRDA:51,10,0,0
BRDA:51,10,1,0
BRDA:51,10,2,0
BRDA:56,11,0,0
BRDA:56,11,1,0
BRDA:56,11,2,0
BRDA:56,11,3,0
BRDA:56,11,4,0
BRDA:56,11,5,0
BRDA:56,11,6,0
BRDA:56,11,7,0
BRF:32
BRH:3
end_of_record
TN:
SF:js/color/hex2rgba.js
FN:24,hex2rgba
FNF:1
FNH:0
FNDA:0,hex2rgba
DA:3,1
DA:6,1
DA:25,0
DA:26,0
DA:27,0
DA:28,0
DA:29,0
DA:31,0
DA:32,0
DA:35,0
DA:43,1
LF:11
LH:3
BRDA:31,0,0,0
BRDA:31,0,1,0
BRF:2
BRH:0
end_of_record
TN:
SF:js/color/hsl2rgba.js
FN:27,hsl2rgba
FN:49,hue2rgb
FNF:2
FNH:0
FNDA:0,hsl2rgba
FNDA:0,hue2rgb
DA:3,1
DA:6,1
DA:28,0
DA:29,0
DA:30,0
DA:31,0
DA:32,0
DA:36,0
DA:37,0
DA:38,0
DA:39,0
DA:40,0
DA:41,0
DA:42,0
DA:43,0
DA:46,0
DA:47,0
DA:49,0
DA:50,0
DA:51,0
DA:52,0
DA:53,0
DA:54,0
DA:55,0
DA:58,0
DA:59,0
DA:60,0
DA:61,0
DA:62,0
DA:65,0
DA:73,1
LF:31
LH:3
BRDA:27,0,0,0
BRDA:28,1,0,0
BRDA:28,1,1,0
BRDA:40,2,0,0
BRDA:40,2,1,0
BRDA:41,3,0,0
BRDA:41,3,1,0
BRDA:42,4,0,0
BRDA:42,4,1,0
BRDA:43,5,0,0
BRDA:43,5,1,0
BRDA:46,6,0,0
BRDA:46,6,1,0
BRDA:50,7,0,0
BRDA:50,7,1,0
BRDA:51,8,0,0
BRDA:51,8,1,0
BRDA:52,9,0,0
BRDA:52,9,1,0
BRDA:53,10,0,0
BRDA:53,10,1,0
BRDA:54,11,0,0
BRDA:54,11,1,0
BRDA:58,12,0,0
BRDA:58,12,1,0
BRF:25
BRH:0
end_of_record
TN:
SF:js/color/hsv2rgba.js
FN:27,hsv2rgba
FNF:1
FNH:0
FNDA:0,hsv2rgba
DA:3,1
DA:6,1
DA:28,0
DA:29,0
DA:30,0
DA:31,0
DA:32,0
DA:36,0
DA:37,0
DA:38,0
DA:39,0
DA:40,0
DA:41,0
DA:42,0
DA:43,0
DA:45,0
DA:46,0
DA:47,0
DA:48,0
DA:49,0
DA:51,0
DA:53,0
DA:54,0
DA:57,0
DA:58,0
DA:61,0
DA:62,0
DA:65,0
DA:66,0
DA:69,0
DA:70,0
DA:73,0
DA:74,0
DA:77,0
DA:85,1
LF:35
LH:3
BRDA:27,0,0,0
BRDA:28,1,0,0
BRDA:28,1,1,0
BRDA:40,2,0,0
BRDA:40,2,1,0
BRDA:41,3,0,0
BRDA:41,3,1,0
BRDA:42,4,0,0
BRDA:42,4,1,0
BRDA:43,5,0,0
BRDA:43,5,1,0
BRDA:51,6,0,0
BRDA:51,6,1,0
BRDA:51,6,2,0
BRDA:51,6,3,0
BRDA:51,6,4,0
BRDA:51,6,5,0
BRF:17
BRH:0
end_of_record
TN:
SF:js/color/parse.js
FN:24,_interopRequireDefault
FN:44,parse
FNF:2
FNH:1
FNDA:8,_interopRequireDefault
FNDA:0,parse
DA:3,1
DA:6,1
DA:8,1
DA:10,1
DA:12,1
DA:14,1
DA:16,1
DA:18,1
DA:20,1
DA:22,1
DA:24,8
DA:45,0
DA:47,0
DA:48,0
DA:49,0
DA:50,0
DA:51,0
DA:52,0
DA:53,0
DA:54,0
DA:55,0
DA:56,0
DA:59,0
DA:61,0
DA:62,0
DA:65,0
DA:66,0
DA:70,0
DA:71,0
DA:75,1
LF:30
LH:12
BRDA:24,0,0,0
BRDA:24,0,1,8
BRDA:24,1,0,8
BRDA:24,1,1,8
BRDA:44,2,0,0
BRDA:47,3,0,0
BRDA:47,3,1,0
BRDA:49,4,0,0
BRDA:49,4,1,0
BRDA:52,5,0,0
BRDA:52,5,1,0
BRDA:55,6,0,0
BRDA:55,6,1,0
BRDA:59,7,0,0
BRDA:59,7,1,0
BRDA:59,7,2,0
BRDA:59,7,3,0
BRF:17
BRH:3
end_of_record
TN:
SF:js/color/parseHsl.js
FN:24,parseHsl
FNF:1
FNH:0
FNDA:0,parseHsl
DA:3,1
DA:6,1
DA:25,0
DA:26,0
DA:27,0
DA:28,0
DA:35,1
LF:7
LH:3
BRF:0
BRH:0
end_of_record
TN:
SF:js/color/parseHsv.js
FN:24,parseHsv
FNF:1
FNH:0
FNDA:0,parseHsv
DA:3,1
DA:6,1
DA:25,0
DA:26,0
DA:27,0
DA:28,0
DA:35,1
LF:7
LH:3
BRF:0
BRH:0
end_of_record
TN:
SF:js/color/parseRgba.js
FN:24,parseRgba
FNF:1
FNH:0
FNDA:0,parseRgba
DA:3,1
DA:6,1
DA:25,0
DA:26,0
DA:27,0
DA:28,0
DA:36,1
LF:7
LH:3
BRF:0
BRH:0
end_of_record
TN:
SF:js/color/rgba2hex.js
FN:27,rgba2hex
FNF:1
FNH:0
FNDA:0,rgba2hex
DA:3,1
DA:6,1
DA:28,0
DA:29,0
DA:30,0
DA:31,0
DA:32,0
DA:35,0
DA:37,0
DA:38,0
DA:39,0
DA:40,0
DA:41,0
DA:44,0
DA:45,0
DA:48,0
DA:51,1
LF:17
LH:3
BRDA:27,0,0,0
BRDA:28,1,0,0
BRDA:28,1,1,0
BRDA:37,2,0,0
BRDA:37,2,1,0
BRDA:37,3,0,0
BRDA:37,3,1,0
BRDA:38,4,0,0
BRDA:38,4,1,0
BRDA:40,5,0,0
BRDA:40,5,1,0
BRF:11
BRH:0
end_of_record
TN:
SF:js/color/rgba2hsl.js
FN:27,rgba2hsl
FNF:1
FNH:0
FNDA:0,rgba2hsl
DA:3,1
DA:6,1
DA:28,0
DA:29,0
DA:30,0
DA:31,0
DA:32,0
DA:35,0
DA:36,0
DA:37,0
DA:40,0
DA:42,0
DA:43,0
DA:45,0
DA:46,0
DA:48,0
DA:50,0
DA:51,0
DA:54,0
DA:55,0
DA:58,0
DA:59,0
DA:62,0
DA:65,0
DA:72,1
LF:25
LH:3
BRDA:27,0,0,0
BRDA:28,1,0,0
BRDA:28,1,1,0
BRDA:42,2,0,0
BRDA:42,2,1,0
BRDA:46,3,0,0
BRDA:46,3,1,0
BRDA:48,4,0,0
BRDA:48,4,1,0
BRDA:48,4,2,0
BRDA:50,5,0,0
BRDA:50,5,1,0
BRF:12
BRH:0
end_of_record
TN:
SF:js/color/rgba2hsv.js
FN:27,rgba2hsv
FNF:1
FNH:0
FNDA:0,rgba2hsv
DA:3,1
DA:6,1
DA:28,0
DA:29,0
DA:30,0
DA:31,0
DA:32,0
DA:35,0
DA:36,0
DA:37,0
DA:40,0
DA:41,0
DA:42,0
DA:44,0
DA:46,0
DA:47,0
DA:48,0
DA:50,0
DA:52,0
DA:53,0
DA:60,1
LF:21
LH:3
BRDA:27,0,0,0
BRDA:28,1,0,0
BRDA:28,1,1,0
BRDA:42,2,0,0
BRDA:42,2,1,0
BRDA:46,3,0,0
BRDA:46,3,1,0
BRDA:47,4,0,0
BRDA:47,4,1,0
BRDA:52,5,0,0
BRDA:52,5,1,0
BRF:11
BRH:0
end_of_record
TN:
SF:js/config/SConfig.js
FN:22,_interopRequireDefault
FN:24,_classCallCheck
FN:26,_defineProperties
FN:28,_createClass
FN:30,_defineProperty
FN:61,(anonymous_5)
FN:114,SConfig
FN:144,(anonymous_7)
FN:190,load
FN:207,(anonymous_9)
FN:208,(anonymous_10)
FN:241,save
FN:278,get
FN:292,(anonymous_13)
FN:308,(anonymous_14)
FN:349,set
FN:359,(anonymous_16)
FNF:17
FNH:14
FNDA:28,_interopRequireDefault
FNDA:2,_classCallCheck
FNDA:4,_defineProperties
FNDA:4,_createClass
FNDA:6,_defineProperty
FNDA:4,(anonymous_5)
FNDA:2,SConfig
FNDA:2,(anonymous_7)
FNDA:2,load
FNDA:0,(anonymous_9)
FNDA:0,(anonymous_10)
FNDA:2,save
FNDA:4,get
FNDA:8,(anonymous_13)
FNDA:0,(anonymous_14)
FNDA:2,set
FNDA:2,(anonymous_16)
DA:3,4
DA:6,4
DA:8,4
DA:10,4
DA:12,4
DA:14,4
DA:16,4
DA:18,4
DA:20,4
DA:22,28
DA:24,2
DA:26,16
DA:28,4
DA:30,6
DA:59,4
DA:61,4
DA:115,2
DA:117,2
DA:119,2
DA:121,2
DA:124,2
DA:125,0
DA:129,2
DA:131,2
DA:144,2
DA:145,2
DA:146,0
DA:150,2
DA:151,0
DA:153,2
DA:156,2
DA:163,2
DA:164,2
DA:168,2
DA:169,2
DA:188,4
DA:196,2
DA:197,0
DA:200,2
DA:201,0
DA:204,2
DA:206,2
DA:207,0
DA:208,0
DA:209,0
DA:210,0
DA:211,0
DA:214,0
DA:217,2
DA:218,2
DA:219,2
DA:220,0
DA:221,0
DA:242,2
DA:243,0
DA:246,2
DA:247,2
DA:249,2
DA:250,0
DA:253,2
DA:257,2
DA:279,4
DA:281,4
DA:282,0
DA:285,4
DA:286,0
DA:289,4
DA:291,4
DA:292,4
DA:294,8
DA:295,8
DA:296,0
DA:297,0
DA:300,8
DA:301,8
DA:303,8
DA:304,0
DA:305,0
DA:306,0
DA:308,0
DA:309,0
DA:313,0
DA:317,8
DA:319,0
DA:320,0
DA:323,4
DA:324,0
DA:327,4
DA:350,2
DA:351,0
DA:355,2
DA:356,0
DA:359,2
DA:360,2
DA:361,0
DA:364,2
DA:367,2
DA:368,2
DA:372,0
DA:376,4
DA:379,4
DA:380,4
LF:102
LH:70
BRDA:22,0,0,0
BRDA:22,0,1,28
BRDA:22,1,0,28
BRDA:22,1,1,28
BRDA:24,2,0,0
BRDA:24,2,1,2
BRDA:26,3,0,16
BRDA:26,3,1,16
BRDA:26,4,0,16
BRDA:26,4,1,0
BRDA:28,5,0,4
BRDA:28,5,1,0
BRDA:28,6,0,0
BRDA:28,6,1,4
BRDA:30,7,0,0
BRDA:30,7,1,6
BRDA:114,8,0,0
BRDA:124,9,0,0
BRDA:124,9,1,2
BRDA:145,10,0,0
BRDA:145,10,1,2
BRDA:146,11,0,0
BRDA:146,11,1,0
BRDA:150,12,0,0
BRDA:150,12,1,2
BRDA:163,13,0,2
BRDA:163,13,1,0
BRDA:168,14,0,2
BRDA:168,14,1,0
BRDA:190,15,0,2
BRDA:196,16,0,0
BRDA:196,16,1,2
BRDA:200,17,0,0
BRDA:200,17,1,2
BRDA:206,18,0,0
BRDA:206,18,1,2
BRDA:209,19,0,0
BRDA:209,19,1,0
BRDA:209,20,0,0
BRDA:209,20,1,0
BRDA:217,21,0,2
BRDA:217,21,1,0
BRDA:220,22,0,0
BRDA:220,22,1,0
BRDA:220,23,0,0
BRDA:220,23,1,0
BRDA:241,24,0,0
BRDA:242,25,0,0
BRDA:242,25,1,2
BRDA:249,26,0,0
BRDA:249,26,1,2
BRDA:249,27,0,2
BRDA:249,27,1,2
BRDA:278,28,0,4
BRDA:278,29,0,2
BRDA:281,30,0,0
BRDA:281,30,1,4
BRDA:281,31,0,4
BRDA:281,31,1,4
BRDA:285,32,0,0
BRDA:285,32,1,4
BRDA:291,33,0,4
BRDA:291,33,1,0
BRDA:294,34,0,8
BRDA:294,34,1,0
BRDA:295,35,0,0
BRDA:295,35,1,8
BRDA:303,36,0,0
BRDA:303,36,1,8
BRDA:303,37,0,8
BRDA:303,37,1,0
BRDA:304,38,0,0
BRDA:304,38,1,0
BRDA:304,39,0,0
BRDA:304,39,1,0
BRDA:319,40,0,0
BRDA:319,40,1,0
BRDA:319,41,0,0
BRDA:319,41,1,0
BRDA:323,42,0,0
BRDA:323,42,1,4
BRDA:323,43,0,4
BRDA:323,43,1,2
BRDA:349,44,0,2
BRDA:350,45,0,0
BRDA:350,45,1,2
BRDA:355,46,0,0
BRDA:355,46,1,2
BRDA:355,47,0,2
BRDA:355,47,1,0
BRDA:360,48,0,0
BRDA:360,48,1,2
BRDA:360,49,0,2
BRDA:360,49,1,2
BRDA:367,50,0,2
BRDA:367,50,1,0
BRF:96
BRH:46
end_of_record
TN:
SF:js/config/adapters/SConfigAdapter.js
FN:10,_interopRequireDefault
FN:12,_classCallCheck
FN:14,_defineProperties
FN:16,_createClass
FN:18,_defineProperty
FN:45,(anonymous_5)
FN:68,SConfigAdapter
FN:93,(anonymous_7)
FN:96,(anonymous_8)
FN:115,(anonymous_9)
FNF:10
FNH:10
FNDA:4,_interopRequireDefault
FNDA:2,_classCallCheck
FNDA:4,_defineProperties
FNDA:4,_createClass
FNDA:2,_defineProperty
FNDA:4,(anonymous_5)
FNDA:2,SConfigAdapter
FNDA:8,(anonymous_7)
FNDA:2,(anonymous_8)
FNDA:51,(anonymous_9)
DA:3,4
DA:6,4
DA:8,4
DA:10,4
DA:12,2
DA:14,8
DA:16,4
DA:18,2
DA:45,4
DA:69,2
DA:71,2
DA:73,2
DA:74,0
DA:78,2
DA:91,4
DA:94,8
DA:97,2
DA:98,0
DA:101,2
DA:116,51
DA:120,4
DA:123,4
DA:124,4
LF:23
LH:21
BRDA:10,0,0,0
BRDA:10,0,1,4
BRDA:10,1,0,4
BRDA:10,1,1,4
BRDA:12,2,0,0
BRDA:12,2,1,2
BRDA:14,3,0,8
BRDA:14,3,1,8
BRDA:14,4,0,0
BRDA:14,4,1,8
BRDA:16,5,0,4
BRDA:16,5,1,0
BRDA:16,6,0,0
BRDA:16,6,1,4
BRDA:18,7,0,0
BRDA:18,7,1,2
BRDA:68,8,0,0
BRDA:73,9,0,0
BRDA:73,9,1,2
BRDA:73,10,0,2
BRDA:73,10,1,2
BRDA:97,11,0,0
BRDA:97,11,1,2
BRF:23
BRH:14
end_of_record
TN:
SF:js/console/parseHtml.js
FN:13,_interopRequireDefault
FN:30,(anonymous_1)
FN:31,(anonymous_2)
FN:32,(anonymous_3)
FN:33,(anonymous_4)
FN:34,(anonymous_5)
FN:35,(anonymous_6)
FN:36,(anonymous_7)
FN:37,(anonymous_8)
FN:38,(anonymous_9)
FN:39,(anonymous_10)
FN:40,(anonymous_11)
FN:41,(anonymous_12)
FN:42,(anonymous_13)
FN:43,(anonymous_14)
FN:44,(anonymous_15)
FN:45,(anonymous_16)
FN:46,(anonymous_17)
FN:47,(anonymous_18)
FN:48,(anonymous_19)
FN:49,(anonymous_20)
FN:50,(anonymous_21)
FN:51,(anonymous_22)
FN:54,(anonymous_23)
FN:57,(anonymous_24)
FN:58,(anonymous_25)
FN:59,(anonymous_26)
FN:60,(anonymous_27)
FN:61,(anonymous_28)
FN:62,(anonymous_29)
FN:63,(anonymous_30)
FN:64,(anonymous_31)
FN:65,(anonymous_32)
FN:66,(anonymous_33)
FN:67,(anonymous_34)
FN:68,(anonymous_35)
FN:69,(anonymous_36)
FN:70,(anonymous_37)
FN:71,(anonymous_38)
FN:72,(anonymous_39)
FN:73,(anonymous_40)
FN:74,(anonymous_41)
FN:75,(anonymous_42)
FN:76,(anonymous_43)
FN:80,parseHtml
FN:89,(anonymous_45)
FNF:46
FNH:1
FNDA:10,_interopRequireDefault
FNDA:0,(anonymous_1)
FNDA:0,(anonymous_2)
FNDA:0,(anonymous_3)
FNDA:0,(anonymous_4)
FNDA:0,(anonymous_5)
FNDA:0,(anonymous_6)
FNDA:0,(anonymous_7)
FNDA:0,(anonymous_8)
FNDA:0,(anonymous_9)
FNDA:0,(anonymous_10)
FNDA:0,(anonymous_11)
FNDA:0,(anonymous_12)
FNDA:0,(anonymous_13)
FNDA:0,(anonymous_14)
FNDA:0,(anonymous_15)
FNDA:0,(anonymous_16)
FNDA:0,(anonymous_17)
FNDA:0,(anonymous_18)
FNDA:0,(anonymous_19)
FNDA:0,(anonymous_20)
FNDA:0,(anonymous_21)
FNDA:0,(anonymous_22)
FNDA:0,(anonymous_23)
FNDA:0,(anonymous_24)
FNDA:0,(anonymous_25)
FNDA:0,(anonymous_26)
FNDA:0,(anonymous_27)
FNDA:0,(anonymous_28)
FNDA:0,(anonymous_29)
FNDA:0,(anonymous_30)
FNDA:0,(anonymous_31)
FNDA:0,(anonymous_32)
FNDA:0,(anonymous_33)
FNDA:0,(anonymous_34)
FNDA:0,(anonymous_35)
FNDA:0,(anonymous_36)
FNDA:0,(anonymous_37)
FNDA:0,(anonymous_38)
FNDA:0,(anonymous_39)
FNDA:0,(anonymous_40)
FNDA:0,(anonymous_41)
FNDA:0,(anonymous_42)
FNDA:0,(anonymous_43)
FNDA:0,parseHtml
FNDA:0,(anonymous_45)
DA:3,5
DA:6,5
DA:7,5
DA:9,5
DA:11,5
DA:13,10
DA:15,5
DA:29,5
DA:30,0
DA:31,0
DA:32,0
DA:33,0
DA:34,0
DA:35,0
DA:36,0
DA:37,0
DA:38,0
DA:39,0
DA:40,0
DA:41,0
DA:42,0
DA:43,0
DA:44,0
DA:45,0
DA:46,0
DA:47,0
DA:48,0
DA:49,0
DA:50,0
DA:52,0
DA:55,0
DA:57,0
DA:58,0
DA:59,0
DA:60,0
DA:61,0
DA:62,0
DA:63,0
DA:64,0
DA:65,0
DA:66,0
DA:67,0
DA:68,0
DA:69,0
DA:70,0
DA:71,0
DA:72,0
DA:73,0
DA:74,0
DA:75,0
DA:76,0
DA:78,5
DA:81,0
DA:83,0
DA:84,0
DA:86,0
DA:89,0
DA:90,0
DA:92,0
DA:93,0
LF:60
LH:9
BRDA:13,0,0,0
BRDA:13,0,1,10
BRDA:13,1,0,10
BRDA:13,1,1,10
BRDA:83,2,0,0
BRDA:83,2,1,0
BRDA:92,3,0,0
BRDA:92,3,1,0
BRF:8
BRH:3
end_of_record
TN:
SF:js/core/activeSpace.js
FN:14,_interopRequireDefault
FN:60,(anonymous_1)
FN:78,(anonymous_2)
FN:109,(anonymous_3)
FN:132,(anonymous_4)
FN:156,(anonymous_5)
FN:179,(anonymous_6)
FN:200,(anonymous_7)
FN:227,(anonymous_8)
FN:229,(anonymous_9)
FN:233,(anonymous_10)
FN:246,(anonymous_11)
FNF:12
FNH:1
FNDA:3,_interopRequireDefault
FNDA:0,(anonymous_1)
FNDA:0,(anonymous_2)
FNDA:0,(anonymous_3)
FNDA:0,(anonymous_4)
FNDA:0,(anonymous_5)
FNDA:0,(anonymous_6)
FNDA:0,(anonymous_7)
FNDA:0,(anonymous_8)
FNDA:0,(anonymous_9)
FNDA:0,(anonymous_10)
FNDA:0,(anonymous_11)
DA:3,1
DA:6,1
DA:8,1
DA:10,1
DA:12,1
DA:14,3
DA:45,1
DA:46,1
DA:47,1
DA:48,1
DA:61,0
DA:79,0
DA:80,0
DA:84,0
DA:85,0
DA:89,0
DA:91,0
DA:93,0
DA:111,0
DA:112,0
DA:113,0
DA:114,0
DA:115,0
DA:116,0
DA:134,0
DA:136,0
DA:138,0
DA:139,0
DA:141,0
DA:143,0
DA:157,0
DA:159,0
DA:161,0
DA:162,0
DA:180,0
DA:181,0
DA:201,0
DA:206,0
DA:208,0
DA:210,0
DA:229,0
DA:231,0
DA:233,0
DA:235,0
DA:237,0
DA:239,0
DA:241,0
DA:242,0
DA:246,0
DA:247,0
DA:253,1
DA:254,1
DA:255,1
LF:53
LH:13
BRDA:14,0,0,0
BRDA:14,0,1,3
BRDA:14,1,0,3
BRDA:14,1,1,3
BRDA:78,2,0,0
BRDA:78,3,0,0
BRDA:79,4,0,0
BRDA:79,4,1,0
BRDA:79,5,0,0
BRDA:79,5,1,0
BRDA:84,6,0,0
BRDA:84,6,1,0
BRDA:84,7,0,0
BRDA:84,7,1,0
BRDA:109,8,0,0
BRDA:111,9,0,0
BRDA:111,9,1,0
BRDA:112,10,0,0
BRDA:112,10,1,0
BRDA:112,11,0,0
BRDA:112,11,1,0
BRDA:132,12,0,0
BRDA:138,13,0,0
BRDA:138,13,1,0
BRDA:139,14,0,0
BRDA:139,14,1,0
BRDA:157,15,0,0
BRDA:157,15,1,0
BRDA:179,16,0,0
BRDA:180,17,0,0
BRDA:180,17,1,0
BRDA:200,18,0,0
BRDA:206,19,0,0
BRDA:206,19,1,0
BRDA:208,20,0,0
BRDA:208,20,1,0
BRDA:231,21,0,0
BRDA:231,21,1,0
BRDA:239,22,0,0
BRDA:239,22,1,0
BRDA:241,23,0,0
BRDA:241,23,1,0
BRF:42
BRH:3
end_of_record
TN:
SF:js/core/env.js
FN:16,_interopRequireDefault
FN:36,env
FNF:2
FNH:2
FNDA:36,_interopRequireDefault
FNDA:33,env
DA:3,9
DA:6,9
DA:8,9
DA:10,9
DA:12,9
DA:14,9
DA:16,36
DA:37,33
DA:38,0
DA:39,0
DA:42,33
DA:44,33
DA:46,1
DA:47,32
DA:48,1
DA:52,33
DA:55,9
LF:17
LH:15
BRDA:16,0,0,0
BRDA:16,0,1,36
BRDA:16,1,0,36
BRDA:16,1,1,36
BRDA:37,2,0,0
BRDA:37,2,1,33
BRDA:38,3,0,0
BRDA:38,3,1,0
BRDA:39,4,0,0
BRDA:39,4,1,0
BRDA:42,5,0,33
BRDA:42,5,1,0
BRDA:44,6,0,1
BRDA:44,6,1,32
BRDA:47,7,0,1
BRDA:47,7,1,31
BRF:16
BRH:9
end_of_record
TN:
SF:js/crypt/base64.js
FN:14,_interopRequireDefault
FN:37,(anonymous_1)
FN:53,(anonymous_2)
FNF:3
FNH:3
FNDA:3,_interopRequireDefault
FNDA:1,(anonymous_1)
FNDA:1,(anonymous_2)
DA:3,1
DA:6,1
DA:8,1
DA:10,1
DA:12,1
DA:14,3
DA:25,1
DA:38,1
DA:39,1
DA:54,1
DA:55,1
DA:58,1
DA:59,1
LF:13
LH:13
BRDA:14,0,0,0
BRDA:14,0,1,3
BRDA:14,1,0,3
BRDA:14,1,1,3
BRDA:38,2,0,0
BRDA:38,2,1,1
BRF:6
BRH:4
end_of_record
TN:
SF:js/crypt/md5.js
FN:14,_interopRequireDefault
FN:39,(anonymous_1)
FN:57,(anonymous_2)
FNF:3
FNH:3
FNDA:3,_interopRequireDefault
FNDA:1,(anonymous_1)
FNDA:1,(anonymous_2)
DA:3,1
DA:6,1
DA:8,1
DA:10,1
DA:12,1
DA:14,3
DA:16,1
DA:27,1
DA:40,1
DA:41,1
DA:42,1
DA:43,1
DA:58,1
DA:59,0
DA:60,0
DA:63,1
DA:64,1
DA:65,1
DA:68,1
DA:69,1
LF:20
LH:18
BRDA:14,0,0,0
BRDA:14,0,1,3
BRDA:14,1,0,3
BRDA:14,1,1,3
BRDA:40,2,0,0
BRDA:40,2,1,1
BRDA:58,3,0,0
BRDA:58,3,1,1
BRF:8
BRH:5
end_of_record
TN:
SF:js/crypt/object.js
FN:10,_interopRequireDefault
FN:34,(anonymous_1)
FN:50,(anonymous_2)
FNF:3
FNH:3
FNDA:1,_interopRequireDefault
FNDA:1,(anonymous_1)
FNDA:1,(anonymous_2)
DA:3,1
DA:6,1
DA:8,1
DA:10,1
DA:21,1
DA:35,1
DA:51,1
DA:54,1
DA:55,1
LF:9
LH:9
BRDA:10,0,0,0
BRDA:10,0,1,1
BRDA:10,1,0,1
BRDA:10,1,1,1
BRDA:34,2,0,1
BRDA:50,3,0,1
BRF:6
BRH:5
end_of_record
TN:
SF:js/dev/getArgsNames.js
FN:25,getArgsNames
FN:39,(anonymous_1)
FNF:2
FNH:2
FNDA:1,getArgsNames
FNDA:4,(anonymous_1)
DA:3,1
DA:6,1
DA:27,1
DA:32,1
DA:34,1
DA:36,1
DA:37,1
DA:38,1
DA:39,1
DA:41,4
DA:42,4
DA:44,1
DA:47,1
LF:13
LH:13
BRDA:42,0,0,4
BRDA:42,0,1,0
BRF:2
BRH:1
end_of_record
TN:
SF:js/docblock/SDocblock.js
FN:16,_interopRequireDefault
FN:18,_classCallCheck
FN:20,_defineProperties
FN:22,_createClass
FN:24,_defineProperty
FN:49,(anonymous_5)
FN:98,SDocblock
FN:110,(anonymous_7)
FN:147,sort
FN:177,parse
FN:186,(anonymous_10)
FN:188,(anonymous_11)
FN:214,toObject
FN:215,(anonymous_13)
FN:230,toMarkdown
FN:247,to
FN:250,(anonymous_16)
FN:253,(anonymous_17)
FN:256,(anonymous_18)
FN:287,(anonymous_19)
FNF:20
FNH:13
FNDA:12,_interopRequireDefault
FNDA:3,_classCallCheck
FNDA:3,_defineProperties
FNDA:3,_createClass
FNDA:12,_defineProperty
FNDA:3,(anonymous_5)
FNDA:3,SDocblock
FNDA:18,(anonymous_7)
FNDA:3,sort
FNDA:3,parse
FNDA:21,(anonymous_10)
FNDA:21,(anonymous_11)
FNDA:0,toObject
FNDA:0,(anonymous_13)
FNDA:0,toMarkdown
FNDA:0,to
FNDA:0,(anonymous_16)
FNDA:0,(anonymous_17)
FNDA:0,(anonymous_18)
FNDA:6,(anonymous_19)
DA:3,3
DA:6,3
DA:8,3
DA:10,3
DA:12,3
DA:14,3
DA:16,12
DA:18,3
DA:20,18
DA:22,3
DA:24,12
DA:49,3
DA:99,3
DA:101,3
DA:103,3
DA:105,3
DA:107,3
DA:109,3
DA:111,18
DA:113,18
DA:114,18
DA:115,18
DA:116,18
DA:117,18
DA:118,18
DA:119,18
DA:126,3
DA:128,3
DA:145,3
DA:148,3
DA:149,3
DA:150,3
DA:179,3
DA:181,3
DA:183,3
DA:184,0
DA:185,3
DA:186,21
DA:187,3
DA:188,3
DA:189,21
DA:196,3
DA:198,3
DA:200,3
DA:215,0
DA:216,0
DA:231,0
DA:248,0
DA:250,0
DA:251,0
DA:253,0
DA:254,0
DA:255,0
DA:257,0
DA:260,0
DA:261,0
DA:265,0
DA:266,0
DA:268,0
DA:270,0
DA:272,0
DA:273,0
DA:275,0
DA:277,0
DA:281,0
DA:283,0
DA:288,6
DA:289,6
DA:293,3
DA:296,3
DA:297,3
LF:71
LH:48
BRDA:16,0,0,4
BRDA:16,0,1,8
BRDA:16,1,0,12
BRDA:16,1,1,12
BRDA:18,2,0,0
BRDA:18,2,1,3
BRDA:20,3,0,18
BRDA:20,3,1,18
BRDA:20,4,0,15
BRDA:20,4,1,3
BRDA:22,5,0,3
BRDA:22,5,1,0
BRDA:22,6,0,0
BRDA:22,6,1,3
BRDA:24,7,0,0
BRDA:24,7,1,12
BRDA:98,8,0,3
BRDA:113,9,0,2
BRDA:113,9,1,16
BRDA:114,10,0,1
BRDA:114,10,1,17
BRDA:114,11,0,18
BRDA:114,11,1,13
BRDA:115,12,0,18
BRDA:115,12,1,0
BRDA:116,13,0,7
BRDA:116,13,1,11
BRDA:117,14,0,4
BRDA:117,14,1,14
BRDA:117,15,0,18
BRDA:117,15,1,13
BRDA:118,16,0,6
BRDA:118,16,1,12
BRDA:118,17,0,18
BRDA:118,17,1,12
BRDA:118,17,2,12
BRDA:147,18,0,3
BRDA:148,19,0,3
BRDA:148,19,1,0
BRDA:177,20,0,3
BRDA:183,21,0,0
BRDA:183,21,1,3
BRDA:185,22,0,3
BRDA:185,22,1,0
BRDA:185,23,0,3
BRDA:185,23,1,3
BRDA:187,24,0,0
BRDA:187,24,1,3
BRDA:187,25,0,3
BRDA:187,25,1,3
BRDA:189,26,0,21
BRDA:189,26,1,0
BRDA:190,27,0,21
BRDA:190,27,1,21
BRDA:251,28,0,0
BRDA:251,28,1,0
BRDA:251,29,0,0
BRDA:251,29,1,0
BRDA:254,30,0,0
BRDA:254,30,1,0
BRDA:255,31,0,0
BRDA:255,31,1,0
BRDA:255,31,2,0
BRDA:255,31,3,0
BRDA:266,32,0,0
BRDA:266,32,1,0
BRDA:266,33,0,0
BRDA:266,33,1,0
BRDA:270,34,0,0
BRDA:270,34,1,0
BRDA:272,35,0,0
BRDA:272,35,1,0
BRDA:273,36,0,0
BRDA:273,36,1,0
BRDA:288,37,0,0
BRDA:288,37,1,6
BRF:76
BRH:45
end_of_record
TN:
SF:js/docblock/SDocblockBlock.js
FN:36,_interopRequireDefault
FN:38,_classCallCheck
FN:40,_defineProperties
FN:42,_createClass
FN:44,_defineProperty
FN:70,(anonymous_5)
FN:130,SDocblockBlock
FN:179,toString
FN:195,toObject
FN:209,toMarkdown
FN:227,to
FN:258,parse
FN:266,add
FN:291,(anonymous_13)
FN:292,(anonymous_14)
FN:339,(anonymous_15)
FN:370,(anonymous_16)
FN:385,(anonymous_17)
FNF:18
FNH:14
FNDA:42,_interopRequireDefault
FNDA:22,_classCallCheck
FNDA:3,_defineProperties
FNDA:3,_createClass
FNDA:72,_defineProperty
FNDA:3,(anonymous_5)
FNDA:22,SDocblockBlock
FNDA:0,toString
FNDA:181,toObject
FNDA:0,toMarkdown
FNDA:0,to
FNDA:22,parse
FNDA:97,add
FNDA:178,(anonymous_13)
FNDA:178,(anonymous_14)
FNDA:93,(anonymous_15)
FNDA:180,(anonymous_16)
FNDA:0,(anonymous_17)
DA:3,3
DA:6,3
DA:8,3
DA:10,3
DA:12,3
DA:14,3
DA:16,3
DA:18,3
DA:20,3
DA:22,3
DA:24,3
DA:26,3
DA:28,3
DA:30,3
DA:32,3
DA:34,3
DA:36,42
DA:38,22
DA:40,21
DA:42,3
DA:44,72
DA:70,3
DA:131,22
DA:133,22
DA:135,22
DA:137,22
DA:139,22
DA:140,22
DA:153,22
DA:166,3
DA:180,0
DA:196,181
DA:210,0
DA:229,0
DA:230,0
DA:232,0
DA:234,0
DA:235,0
DA:238,0
DA:242,0
DA:260,22
DA:261,22
DA:262,22
DA:263,22
DA:264,22
DA:267,97
DA:269,97
DA:270,4
DA:271,4
DA:274,97
DA:276,97
DA:277,4
DA:279,93
DA:282,97
DA:283,97
DA:284,97
DA:288,22
DA:290,22
DA:291,178
DA:292,22
DA:294,178
DA:295,178
DA:297,178
DA:298,38
DA:299,19
DA:301,19
DA:302,19
DA:305,19
DA:307,140
DA:308,75
DA:309,56
DA:312,75
DA:313,75
DA:315,75
DA:316,64
DA:318,11
DA:321,75
DA:322,65
DA:323,16
DA:324,16
DA:325,16
DA:326,16
DA:328,49
DA:329,49
DA:330,49
DA:331,49
DA:333,49
DA:334,21
DA:338,22
DA:339,22
DA:340,93
DA:341,93
DA:342,9
DA:345,22
DA:346,0
DA:348,0
DA:350,0
DA:352,0
DA:354,0
DA:355,0
DA:357,0
DA:358,0
DA:359,0
DA:364,22
DA:366,22
DA:371,180
DA:386,0
DA:390,3
DA:393,3
DA:395,3
DA:478,3
DA:480,3
LF:112
LH:93
BRDA:36,0,0,5
BRDA:36,0,1,37
BRDA:36,1,0,42
BRDA:36,1,1,42
BRDA:38,2,0,0
BRDA:38,2,1,22
BRDA:40,3,0,21
BRDA:40,3,1,21
BRDA:40,4,0,15
BRDA:40,4,1,6
BRDA:42,5,0,3
BRDA:42,5,1,0
BRDA:42,6,0,0
BRDA:42,6,1,3
BRDA:44,7,0,0
BRDA:44,7,1,72
BRDA:130,8,0,1
BRDA:230,9,0,0
BRDA:230,9,1,0
BRDA:232,10,0,0
BRDA:232,10,1,0
BRDA:234,11,0,0
BRDA:234,11,1,0
BRDA:267,12,0,29
BRDA:267,12,1,68
BRDA:269,13,0,4
BRDA:269,13,1,93
BRDA:269,14,0,97
BRDA:269,14,1,4
BRDA:274,15,0,22
BRDA:274,15,1,75
BRDA:276,16,0,4
BRDA:276,16,1,93
BRDA:290,17,0,0
BRDA:290,17,1,22
BRDA:290,18,0,22
BRDA:290,18,1,22
BRDA:297,19,0,38
BRDA:297,19,1,140
BRDA:298,20,0,19
BRDA:298,20,1,19
BRDA:301,21,0,19
BRDA:301,21,1,0
BRDA:301,22,0,19
BRDA:301,22,1,19
BRDA:307,23,0,75
BRDA:307,23,1,65
BRDA:308,24,0,56
BRDA:308,24,1,19
BRDA:315,25,0,64
BRDA:315,25,1,11
BRDA:322,26,0,16
BRDA:322,26,1,49
BRDA:333,27,0,21
BRDA:333,27,1,28
BRDA:340,28,0,0
BRDA:340,28,1,93
BRDA:340,29,0,93
BRDA:340,29,1,93
BRDA:340,29,2,93
BRDA:341,30,0,84
BRDA:341,30,1,9
BRDA:341,31,0,93
BRDA:341,31,1,84
BRDA:345,32,0,0
BRDA:345,32,1,22
BRDA:345,33,0,22
BRDA:345,33,1,0
BRDA:345,33,2,0
BRDA:357,34,0,0
BRDA:357,34,1,0
BRF:71
BRH:53
end_of_record
TN:
SF:js/docblock/markdown/blocks.js
FN:14,_interopRequireDefault
FNF:1
FNH:1
FNDA:9,_interopRequireDefault
DA:3,3
DA:6,3
DA:8,3
DA:10,3
DA:12,3
DA:14,9
DA:16,3
DA:21,3
DA:22,3
LF:9
LH:9
BRDA:14,0,0,0
BRDA:14,0,1,9
BRDA:14,1,0,9
BRDA:14,1,1,9
BRF:4
BRH:3
end_of_record
TN:
SF:js/docblock/markdown/index.js
FN:12,_interopRequireDefault
FNF:1
FNH:1
FNDA:6,_interopRequireDefault
DA:3,3
DA:6,3
DA:8,3
DA:10,3
DA:12,6
DA:14,3
DA:18,3
DA:19,3
LF:8
LH:8
BRDA:12,0,0,0
BRDA:12,0,1,6
BRDA:12,1,0,6
BRDA:12,1,1,6
BRF:4
BRH:3
end_of_record
TN:
SF:js/docblock/markdown/templates.js
FN:14,_interopRequireDefault
FNF:1
FNH:1
FNDA:9,_interopRequireDefault
DA:3,3
DA:6,3
DA:8,3
DA:10,3
DA:12,3
DA:14,9
DA:16,3
DA:21,3
DA:22,3
LF:9
LH:9
BRDA:14,0,0,0
BRDA:14,0,1,9
BRDA:14,1,0,9
BRDA:14,1,1,9
BRF:4
BRH:3
end_of_record
TN:
SF:js/docblock/markdown/blocks/class.js
FNF:0
FNH:0
DA:3,3
DA:6,3
DA:7,3
DA:36,3
DA:37,3
LF:5
LH:5
BRF:0
BRH:0
end_of_record
TN:
SF:js/docblock/markdown/blocks/default.js
FNF:0
FNH:0
DA:3,3
DA:6,3
DA:7,3
DA:27,3
DA:28,3
LF:5
LH:5
BRF:0
BRH:0
end_of_record
TN:
SF:js/docblock/markdown/blocks/function.js
FNF:0
FNH:0
DA:3,3
DA:6,3
DA:7,3
DA:36,3
DA:37,3
LF:5
LH:5
BRF:0
BRH:0
end_of_record
TN:
SF:js/docblock/markdown/templates/class.js
FNF:0
FNH:0
DA:3,3
DA:6,3
DA:7,3
DA:19,3
DA:20,3
LF:5
LH:5
BRF:0
BRH:0
end_of_record
TN:
SF:js/docblock/markdown/templates/default.js
FNF:0
FNH:0
DA:3,3
DA:6,3
DA:7,3
DA:10,3
DA:11,3
LF:5
LH:5
BRF:0
BRH:0
end_of_record
TN:
SF:js/docblock/markdown/templates/function.js
FNF:0
FNH:0
DA:3,3
DA:6,3
DA:7,3
DA:13,3
DA:14,3
LF:5
LH:5
BRF:0
BRH:0
end_of_record
TN:
SF:js/docblock/tags/author.js
FN:21,author
FNF:1
FNH:1
FNDA:16,author
DA:3,3
DA:6,3
DA:22,16
DA:23,16
DA:24,16
DA:31,3
LF:6
LH:6
BRDA:23,0,0,0
BRDA:23,0,1,16
BRF:2
BRH:1
end_of_record
TN:
SF:js/docblock/tags/description.js
FN:21,description
FN:27,(anonymous_1)
FNF:2
FNH:2
FNDA:16,description
FNDA:17,(anonymous_1)
DA:3,3
DA:6,3
DA:22,16
DA:23,16
DA:26,16
DA:27,17
DA:30,3
LF:7
LH:7
BRDA:22,0,0,16
BRDA:22,0,1,0
BRDA:22,1,0,16
BRDA:22,1,1,16
BRDA:26,2,0,0
BRDA:26,2,1,16
BRF:6
BRH:4
end_of_record
TN:
SF:js/docblock/tags/example.js
FN:24,example
FN:26,(anonymous_1)
FN:36,(anonymous_2)
FNF:3
FNH:3
FNDA:2,example
FNDA:2,(anonymous_1)
FNDA:2,(anonymous_2)
DA:3,3
DA:6,3
DA:8,3
DA:25,2
DA:26,2
DA:27,2
DA:28,2
DA:31,2
DA:32,2
DA:36,2
DA:37,2
DA:40,3
LF:12
LH:12
BRDA:25,0,0,2
BRDA:25,0,1,0
BRDA:27,1,0,2
BRDA:27,1,1,0
BRDA:27,2,0,2
BRDA:27,2,1,2
BRDA:31,3,0,0
BRDA:31,3,1,2
BRDA:33,4,0,2
BRDA:33,4,1,0
BRDA:34,5,0,2
BRDA:34,5,1,0
BRF:12
BRH:7
end_of_record
TN:
SF:js/docblock/tags/param.js
FN:26,param
FN:29,(anonymous_1)
FN:31,(anonymous_2)
FN:41,(anonymous_3)
FNF:4
FNH:3
FNDA:4,param
FNDA:8,(anonymous_1)
FNDA:25,(anonymous_2)
FNDA:0,(anonymous_3)
DA:3,3
DA:6,3
DA:8,3
DA:10,3
DA:27,4
DA:28,4
DA:29,4
DA:30,8
DA:31,25
DA:32,8
DA:33,8
DA:34,8
DA:35,8
DA:36,8
DA:37,8
DA:38,8
DA:40,8
DA:41,0
DA:44,8
DA:45,4
DA:47,4
DA:48,4
DA:49,4
DA:53,8
DA:59,8
DA:61,4
DA:64,3
LF:27
LH:26
BRDA:27,0,0,0
BRDA:27,0,1,4
BRDA:30,1,0,0
BRDA:30,1,1,8
BRDA:30,2,0,8
BRDA:30,2,1,8
BRDA:30,2,2,8
BRDA:32,3,0,8
BRDA:32,3,1,0
BRDA:32,4,0,8
BRDA:32,4,1,8
BRDA:33,5,0,8
BRDA:33,5,1,0
BRDA:33,6,0,8
BRDA:33,6,1,8
BRDA:34,7,0,8
BRDA:34,7,1,0
BRDA:34,8,0,8
BRDA:34,8,1,8
BRDA:38,9,0,8
BRDA:38,9,1,0
BRDA:38,10,0,8
BRDA:38,10,1,8
BRDA:40,11,0,0
BRDA:40,11,1,8
BRDA:40,12,0,8
BRDA:40,12,1,8
BRDA:44,13,0,4
BRDA:44,13,1,4
BRDA:47,14,0,4
BRDA:47,14,1,0
BRDA:59,15,0,1
BRDA:59,15,1,7
BRF:33
BRH:25
end_of_record
TN:
SF:js/docblock/tags/return.js
FN:24,returnTag
FNF:1
FNH:0
FNDA:0,returnTag
DA:3,3
DA:6,3
DA:8,3
DA:25,0
DA:26,0
DA:32,3
LF:6
LH:4
BRDA:27,0,0,0
BRDA:27,0,1,0
BRDA:28,1,0,0
BRDA:28,1,1,0
BRF:4
BRH:0
end_of_record
TN:
SF:js/docblock/tags/simpleValue.js
FN:16,simpleValue
FNF:1
FNH:1
FNDA:55,simpleValue
DA:16,3
DA:17,55
DA:18,0
DA:21,55
LF:4
LH:3
BRDA:17,0,0,0
BRDA:17,0,1,55
BRDA:17,1,0,55
BRDA:17,1,1,55
BRDA:17,1,2,55
BRDA:17,1,3,38
BRF:6
BRH:5
end_of_record
TN:
SF:js/docblock/tags/snippet.js
FN:21,snippet
FNF:1
FNH:0
FNDA:0,snippet
DA:3,3
DA:6,3
DA:22,0
DA:23,0
DA:26,0
DA:32,3
LF:6
LH:3
BRDA:22,0,0,0
BRDA:22,0,1,0
BRDA:22,1,0,0
BRDA:22,1,1,0
BRDA:27,2,0,0
BRDA:27,2,1,0
BRDA:28,3,0,0
BRDA:28,3,1,0
BRF:8
BRH:0
end_of_record
TN:
SF:js/encoding/base64.js
FN:35,(anonymous_0)
FN:50,(anonymous_1)
FNF:2
FNH:2
FNDA:1,(anonymous_0)
FNDA:1,(anonymous_1)
DA:3,1
DA:6,1
DA:23,1
DA:36,1
DA:51,1
DA:54,1
DA:55,1
LF:7
LH:7
BRF:0
BRH:0
end_of_record
TN:
SF:js/function/debounce.js
FN:31,debounce
FN:33,(anonymous_1)
FN:37,(anonymous_2)
FNF:3
FNH:3
FNDA:1,debounce
FNDA:6,(anonymous_1)
FNDA:1,(anonymous_2)
DA:3,1
DA:6,1
DA:32,1
DA:33,1
DA:34,6
DA:35,6
DA:36,6
DA:37,6
DA:38,1
DA:43,1
LF:10
LH:10
BRF:0
BRH:0
end_of_record
TN:
SF:js/function/setRecursiveTimeout.js
FN:29,setRecursiveTimeout
FN:34,tick
FN:48,(anonymous_2)
FNF:3
FNH:2
FNDA:1,setRecursiveTimeout
FNDA:10,tick
FNDA:0,(anonymous_2)
DA:3,1
DA:6,1
DA:30,1
DA:31,1
DA:32,1
DA:34,1
DA:36,10
DA:38,10
DA:39,10
DA:41,10
DA:42,9
DA:43,9
DA:48,1
DA:50,0
DA:54,1
LF:15
LH:14
BRDA:29,0,0,1
BRDA:41,1,0,9
BRDA:41,1,1,1
BRDA:41,2,0,10
BRDA:41,2,1,10
BRDA:41,2,2,10
BRF:6
BRH:6
end_of_record
TN:
SF:js/function/sleep.js
FN:28,sleep
FN:29,(anonymous_1)
FNF:2
FNH:2
FNDA:1,sleep
FNDA:1,(anonymous_1)
DA:3,1
DA:6,1
DA:29,1
DA:30,1
DA:34,1
LF:5
LH:5
BRF:0
BRH:0
end_of_record
TN:
SF:js/function/throttle.js
FN:30,throttle
FN:33,(anonymous_1)
FNF:2
FNH:2
FNDA:1,throttle
FNDA:9,(anonymous_1)
DA:3,1
DA:6,1
DA:31,1
DA:33,1
DA:34,9
DA:35,9
DA:36,9
DA:38,9
DA:39,2
DA:40,2
DA:45,1
LF:11
LH:11
BRDA:31,0,0,1
BRDA:31,0,1,0
BRDA:38,1,0,2
BRDA:38,1,1,7
BRDA:38,2,0,9
BRDA:38,2,1,8
BRF:6
BRH:5
end_of_record
TN:
SF:js/geom/circleConstrain.js
FN:10,_interopRequireDefault
FN:35,circleConstrain
FNF:2
FNH:2
FNDA:1,_interopRequireDefault
FNDA:1,circleConstrain
DA:3,1
DA:6,1
DA:8,1
DA:10,1
DA:36,1
DA:38,1
DA:39,0
DA:41,1
DA:42,1
DA:43,1
DA:44,1
DA:51,1
LF:12
LH:11
BRDA:10,0,0,0
BRDA:10,0,1,1
BRDA:10,1,0,1
BRDA:10,1,1,1
BRDA:38,2,0,0
BRDA:38,2,1,1
BRF:6
BRH:4
end_of_record
TN:
SF:js/geom/distanceBetween.js
FN:29,distanceBetween
FNF:1
FNH:1
FNDA:1,distanceBetween
DA:3,1
DA:6,1
DA:30,1
DA:31,1
DA:32,1
DA:33,1
DA:34,1
DA:35,1
DA:36,1
DA:39,1
LF:10
LH:10
BRF:0
BRH:0
end_of_record
TN:
SF:js/google/SGoogleCustomSearch.js
FN:10,_interopRequireDefault
FN:12,_classCallCheck
FN:14,_defineProperties
FN:16,_createClass
FN:18,_defineProperty
FN:47,(anonymous_5)
FN:120,SGoogleCustomSearch
FN:178,_generateSearchUrl
FN:205,search
FN:245,next
FN:265,previous
FNF:11
FNH:9
FNDA:1,_interopRequireDefault
FNDA:1,_classCallCheck
FNDA:1,_defineProperties
FNDA:1,_createClass
FNDA:6,_defineProperty
FNDA:1,(anonymous_5)
FNDA:1,SGoogleCustomSearch
FNDA:1,_generateSearchUrl
FNDA:1,search
FNDA:0,next
FNDA:0,previous
DA:3,1
DA:6,1
DA:8,1
DA:10,1
DA:12,1
DA:14,4
DA:16,1
DA:18,6
DA:47,1
DA:121,1
DA:123,1
DA:125,1
DA:127,1
DA:152,1
DA:154,1
DA:156,1
DA:159,1
DA:160,1
DA:176,1
DA:180,1
DA:182,1
DA:183,5
DA:186,1
DA:187,1
DA:189,1
DA:207,1
DA:209,1
DA:211,1
DA:212,1
DA:221,1
DA:224,1
DA:229,1
DA:247,0
DA:267,0
DA:273,1
DA:276,1
DA:277,1
LF:37
LH:35
BRDA:10,0,0,0
BRDA:10,0,1,1
BRDA:10,1,0,1
BRDA:10,1,1,1
BRDA:12,2,0,0
BRDA:12,2,1,1
BRDA:14,3,0,4
BRDA:14,3,1,4
BRDA:14,4,0,4
BRDA:14,4,1,0
BRDA:16,5,0,1
BRDA:16,5,1,0
BRDA:16,6,0,0
BRDA:16,6,1,1
BRDA:18,7,0,0
BRDA:18,7,1,6
BRDA:205,8,0,1
BRDA:209,9,0,1
BRDA:209,9,1,1
BRDA:211,10,0,1
BRDA:211,10,1,1
BRDA:268,11,0,0
BRDA:268,11,1,0
BRF:23
BRH:15
end_of_record
TN:
SF:js/html/replaceTags.js
FN:10,_interopRequireDefault
FN:31,replaceTags
FN:38,(anonymous_2)
FNF:3
FNH:3
FNDA:12,_interopRequireDefault
FNDA:15,replaceTags
FNDA:330,(anonymous_2)
DA:3,12
DA:6,12
DA:8,12
DA:10,12
DA:32,15
DA:33,15
DA:34,15
DA:35,15
DA:36,15
DA:38,15
DA:40,330
DA:42,330
DA:43,330
DA:44,330
DA:46,330
DA:47,4
DA:48,4
DA:49,4
DA:50,4
DA:51,4
DA:52,4
DA:54,4
DA:58,330
DA:59,0
DA:60,0
DA:61,0
DA:62,0
DA:63,0
DA:64,0
DA:66,0
DA:70,15
DA:71,15
DA:72,15
DA:73,15
DA:76,12
LF:35
LH:28
BRDA:10,0,0,0
BRDA:10,0,1,12
BRDA:10,1,0,12
BRDA:10,1,1,12
BRDA:32,2,0,0
BRDA:32,2,1,15
BRDA:46,3,0,4
BRDA:46,3,1,326
BRDA:50,4,0,0
BRDA:50,4,1,4
BRDA:58,5,0,0
BRDA:58,5,1,330
BRDA:62,6,0,0
BRDA:62,6,1,0
BRF:14
BRH:8
end_of_record
TN:
SF:js/html/strToHtml.js
FN:25,strToHtml
FNF:1
FNH:0
FNDA:0,strToHtml
DA:3,2
DA:6,2
DA:26,0
DA:27,0
DA:28,0
DA:30,0
DA:31,0
DA:33,0
DA:37,0
DA:40,2
LF:10
LH:3
BRDA:26,0,0,0
BRDA:26,0,1,0
BRDA:26,1,0,0
BRDA:26,1,1,0
BRDA:30,2,0,0
BRDA:30,2,1,0
BRF:6
BRH:0
end_of_record
TN:
SF:js/html/striptags.js
FN:10,_interopRequireDefault
FN:32,striptags
FNF:2
FNH:2
FNDA:2,_interopRequireDefault
FNDA:2,striptags
DA:3,2
DA:6,2
DA:8,2
DA:10,2
DA:33,2
DA:36,2
LF:6
LH:6
BRDA:10,0,0,0
BRDA:10,0,1,2
BRDA:10,1,0,2
BRDA:10,1,1,2
BRF:4
BRH:3
end_of_record
TN:
SF:js/html/toString.js
FN:26,toString
FNF:1
FNH:0
FNDA:0,toString
DA:3,2
DA:6,2
DA:27,0
DA:28,0
DA:29,0
DA:30,0
DA:33,0
DA:36,2
LF:8
LH:3
BRDA:26,0,0,0
BRDA:27,1,0,0
BRDA:27,1,1,0
BRDA:27,2,0,0
BRDA:27,2,1,0
BRF:5
BRH:0
end_of_record
TN:
SF:js/http/SRequest.js
FN:22,_interopRequireDefault
FN:24,_classCallCheck
FN:26,_defineProperties
FN:28,_createClass
FN:30,_defineProperty
FN:60,(anonymous_5)
FN:101,SRequest
FN:132,_onSuccess
FN:193,_onError
FN:211,_send
FN:242,retry
FN:266,send
FN:268,(anonymous_12)
FNF:13
FNH:11
FNDA:14,_interopRequireDefault
FNDA:3,_classCallCheck
FNDA:2,_defineProperties
FNDA:2,_createClass
FNDA:9,_defineProperty
FNDA:2,(anonymous_5)
FNDA:3,SRequest
FNDA:4,_onSuccess
FNDA:0,_onError
FNDA:4,_send
FNDA:0,retry
FNDA:3,send
FNDA:3,(anonymous_12)
DA:3,2
DA:6,2
DA:8,2
DA:10,2
DA:12,2
DA:14,2
DA:16,2
DA:18,2
DA:20,2
DA:22,14
DA:24,3
DA:26,10
DA:28,2
DA:30,9
DA:60,2
DA:102,3
DA:104,3
DA:106,3
DA:108,3
DA:111,3
DA:112,3
DA:114,0
DA:130,2
DA:134,4
DA:136,4
DA:138,4
DA:140,4
DA:141,0
DA:143,0
DA:144,0
DA:146,0
DA:148,0
DA:149,0
DA:152,4
DA:153,0
DA:157,4
DA:159,4
DA:160,4
DA:162,4
DA:165,4
DA:167,0
DA:171,4
DA:173,3
DA:176,1
DA:195,0
DA:213,4
DA:215,4
DA:217,4
DA:218,0
DA:222,4
DA:224,4
DA:243,0
DA:268,3
DA:278,3
DA:280,3
DA:282,3
DA:283,3
DA:285,3
DA:290,2
DA:293,2
DA:294,2
LF:61
LH:49
BRDA:22,0,0,0
BRDA:22,0,1,14
BRDA:22,1,0,14
BRDA:22,1,1,14
BRDA:24,2,0,0
BRDA:24,2,1,3
BRDA:26,3,0,10
BRDA:26,3,1,10
BRDA:26,4,0,10
BRDA:26,4,1,0
BRDA:28,5,0,2
BRDA:28,5,1,0
BRDA:28,6,0,0
BRDA:28,6,1,2
BRDA:30,7,0,0
BRDA:30,7,1,9
BRDA:111,8,0,3
BRDA:111,8,1,0
BRDA:136,9,0,4
BRDA:136,9,1,0
BRDA:138,10,0,0
BRDA:138,10,1,4
BRDA:140,11,0,0
BRDA:140,11,1,4
BRDA:140,12,0,4
BRDA:140,12,1,0
BRDA:140,12,2,0
BRDA:140,12,3,0
BRDA:143,13,0,0
BRDA:143,13,1,0
BRDA:148,14,0,0
BRDA:148,14,1,0
BRDA:152,15,0,0
BRDA:152,15,1,4
BRDA:165,16,0,0
BRDA:165,16,1,4
BRDA:171,17,0,3
BRDA:171,17,1,1
BRDA:173,18,0,2
BRDA:173,18,1,1
BRDA:211,19,0,1
BRDA:217,20,0,0
BRDA:217,20,1,4
BRDA:266,21,0,3
BRF:44
BRH:24
end_of_record
TN:
SF:js/http/SRequestConfig.js
FN:10,_interopRequireDefault
FN:12,_classCallCheck
FN:14,_defineProperty
FN:182,SRequestConfig
FNF:4
FNH:4
FNDA:2,_interopRequireDefault
FNDA:3,_classCallCheck
FNDA:33,_defineProperty
FNDA:3,SRequestConfig
DA:3,2
DA:6,2
DA:8,2
DA:10,2
DA:12,3
DA:14,33
DA:182,2
DA:183,3
DA:185,3
DA:187,3
DA:189,3
DA:191,3
DA:193,3
DA:195,3
DA:197,3
DA:199,3
DA:201,3
DA:203,3
DA:205,3
DA:208,3
DA:209,3
DA:211,3
DA:214,2
DA:215,2
LF:24
LH:24
BRDA:10,0,0,0
BRDA:10,0,1,2
BRDA:10,1,0,2
BRDA:10,1,1,2
BRDA:12,2,0,0
BRDA:12,2,1,3
BRDA:14,3,0,0
BRDA:14,3,1,33
BRDA:208,4,0,0
BRDA:208,4,1,3
BRDA:208,5,0,3
BRDA:208,5,1,0
BRDA:209,6,0,0
BRDA:209,6,1,3
BRDA:209,7,0,3
BRDA:209,7,1,0
BRF:16
BRH:9
end_of_record
TN:
SF:js/http/request.js
FN:10,_interopRequireDefault
FN:42,request
FNF:2
FNH:2
FNDA:1,_interopRequireDefault
FNDA:2,request
DA:3,1
DA:6,1
DA:8,1
DA:10,1
DA:43,2
DA:44,2
DA:47,1
LF:7
LH:7
BRDA:10,0,0,0
BRDA:10,0,1,1
BRDA:10,1,0,1
BRDA:10,1,1,1
BRDA:42,2,0,0
BRF:5
BRH:3
end_of_record
TN:
SF:js/is/array.js
FN:26,isArray
FNF:1
FNH:1
FNDA:5,isArray
DA:3,14
DA:6,14
DA:27,5
DA:30,14
LF:4
LH:4
BRDA:27,0,0,5
BRDA:27,0,1,5
BRDA:27,0,2,0
BRF:3
BRH:2
end_of_record
TN:
SF:js/is/boolean.js
FN:26,isBoolean
FNF:1
FNH:0
FNDA:0,isBoolean
DA:3,14
DA:6,14
DA:27,0
DA:30,14
LF:4
LH:3
BRF:0
BRH:0
end_of_record
TN:
SF:js/is/browser.js
FN:25,isBrowser
FNF:1
FNH:0
FNDA:0,isBrowser
DA:3,1
DA:6,1
DA:26,0
DA:29,1
LF:4
LH:3
BRF:0
BRH:0
end_of_record
TN:
SF:js/is/childProcess.js
FN:23,childProcess
FNF:1
FNH:0
FNDA:0,childProcess
DA:3,8
DA:6,8
DA:24,0
DA:25,0
DA:28,8
LF:5
LH:3
BRDA:24,0,0,0
BRDA:24,0,1,0
BRDA:24,1,0,0
BRDA:24,1,1,0
BRDA:25,2,0,0
BRDA:25,2,1,0
BRF:6
BRH:0
end_of_record
TN:
SF:js/is/class.js
FN:30,cls
FNF:1
FNH:1
FNDA:6,cls
DA:3,5
DA:6,5
DA:8,5
DA:31,6
DA:33,6
DA:34,6
DA:37,0
DA:40,5
LF:8
LH:7
BRDA:31,0,0,6
BRDA:31,0,1,0
BRDA:34,1,0,6
BRDA:34,1,1,0
BRF:4
BRH:2
end_of_record
TN:
SF:js/is/function.js
FN:26,isFunction
FNF:1
FNH:0
FNDA:0,isFunction
DA:3,14
DA:6,14
DA:27,0
DA:30,14
LF:4
LH:3
BRDA:27,0,0,0
BRDA:27,0,1,0
BRF:2
BRH:0
end_of_record
TN:
SF:js/is/integer.js
FN:25,isInteger
FN:26,(anonymous_1)
FNF:2
FNH:2
FNDA:18,isInteger
FNDA:14,(anonymous_1)
DA:3,5
DA:6,5
DA:26,18
DA:27,14
DA:31,5
LF:5
LH:5
BRDA:26,0,0,18
BRDA:26,0,1,14
BRF:2
BRH:2
end_of_record
TN:
SF:js/is/json.js
FN:26,isJson
FNF:1
FNH:1
FNDA:6,isJson
DA:3,15
DA:6,15
DA:27,6
DA:28,6
DA:30,1
DA:33,5
DA:36,15
LF:7
LH:7
BRF:0
BRH:0
end_of_record
TN:
SF:js/is/node.js
FN:23,(anonymous_0)
FNF:1
FNH:1
FNDA:67,(anonymous_0)
DA:3,13
DA:6,13
DA:23,13
DA:24,67
DA:27,13
DA:28,13
LF:6
LH:6
BRDA:24,0,0,67
BRDA:24,0,1,67
BRF:2
BRH:2
end_of_record
TN:
SF:js/is/number.js
FN:26,isNumber
FNF:1
FNH:0
FNDA:0,isNumber
DA:3,14
DA:6,14
DA:27,0
DA:30,14
LF:4
LH:3
BRDA:27,0,0,0
BRDA:27,0,1,0
BRF:2
BRH:0
end_of_record
TN:
SF:js/is/object.js
FN:26,isObject
FNF:1
FNH:1
FNDA:5,isObject
DA:3,14
DA:6,14
DA:27,5
DA:30,14
LF:4
LH:4
BRDA:27,0,0,5
BRDA:27,0,1,5
BRDA:27,0,2,0
BRF:3
BRH:2
end_of_record
TN:
SF:js/is/ofType.js
FN:22,_interopRequireDefault
FN:46,ofType
FN:86,(anonymous_2)
FNF:3
FNH:3
FNDA:35,_interopRequireDefault
FNDA:18,ofType
FNDA:3,(anonymous_2)
DA:3,5
DA:6,5
DA:8,5
DA:10,5
DA:12,5
DA:14,5
DA:16,5
DA:18,5
DA:20,5
DA:22,35
DA:47,18
DA:49,18
DA:50,12
DA:53,18
DA:54,18
DA:67,18
DA:68,20
DA:73,20
DA:75,2
DA:77,1
DA:78,1
DA:79,1
DA:82,1
DA:83,1
DA:84,1
DA:85,1
DA:86,1
DA:87,3
DA:89,3
DA:90,0
DA:93,3
DA:95,3
DA:96,2
DA:99,1
DA:104,18
DA:105,0
DA:107,18
DA:108,0
DA:110,18
DA:111,18
DA:112,2
DA:113,2
DA:115,16
DA:118,0
DA:119,0
DA:120,0
DA:121,0
DA:125,0
DA:128,5
LF:49
LH:41
BRDA:22,0,0,0
BRDA:22,0,1,35
BRDA:22,1,0,35
BRDA:22,1,1,35
BRDA:49,2,0,12
BRDA:49,2,1,6
BRDA:73,3,0,2
BRDA:73,3,1,18
BRDA:73,4,0,20
BRDA:73,4,1,19
BRDA:75,5,0,1
BRDA:75,5,1,1
BRDA:77,6,0,0
BRDA:77,6,1,1
BRDA:77,7,0,1
BRDA:77,7,1,1
BRDA:78,8,0,1
BRDA:78,8,1,0
BRDA:79,9,0,1
BRDA:79,9,1,0
BRDA:79,10,0,1
BRDA:79,10,1,1
BRDA:82,11,0,1
BRDA:82,11,1,0
BRDA:83,12,0,1
BRDA:83,12,1,0
BRDA:89,13,0,0
BRDA:89,13,1,3
BRDA:95,14,0,2
BRDA:95,14,1,1
BRDA:99,15,0,1
BRDA:99,15,1,0
BRDA:104,16,0,0
BRDA:104,16,1,18
BRDA:105,17,0,0
BRDA:105,17,1,0
BRDA:107,18,0,0
BRDA:107,18,1,18
BRDA:107,19,0,18
BRDA:107,19,1,18
BRDA:108,20,0,0
BRDA:108,20,1,0
BRDA:110,21,0,18
BRDA:110,21,1,0
BRDA:111,22,0,2
BRDA:111,22,1,16
BRDA:113,23,0,2
BRDA:113,23,1,0
BRDA:113,24,0,2
BRDA:113,24,1,2
BRDA:115,25,0,14
BRDA:115,25,1,2
BRDA:118,26,0,0
BRDA:118,26,1,0
BRDA:118,27,0,0
BRDA:118,27,1,0
BRDA:119,28,0,0
BRDA:119,28,1,0
BRDA:120,29,0,0
BRDA:120,29,1,0
BRDA:120,30,0,0
BRDA:120,30,1,0
BRDA:120,30,2,0
BRDA:121,31,0,0
BRDA:121,31,1,0
BRF:65
BRH:36
end_of_record
TN:
SF:js/is/plainObject.js
FN:10,_interopRequireDefault
FN:28,plainObject
FNF:2
FNH:2
FNDA:35,_interopRequireDefault
FNDA:5246,plainObject
DA:3,35
DA:6,35
DA:8,35
DA:10,35
DA:29,5246
DA:30,774
DA:31,364
DA:32,336
DA:33,336
DA:34,336
DA:35,336
DA:38,35
LF:12
LH:12
BRDA:10,0,0,0
BRDA:10,0,1,35
BRDA:10,1,0,35
BRDA:10,1,1,35
BRDA:29,2,0,4472
BRDA:29,2,1,774
BRDA:30,3,0,410
BRDA:30,3,1,364
BRDA:31,4,0,28
BRDA:31,4,1,336
BRDA:31,5,0,364
BRDA:31,5,1,364
BRDA:32,6,0,0
BRDA:32,6,1,336
BRDA:33,7,0,0
BRDA:33,7,1,336
BRDA:34,8,0,0
BRDA:34,8,1,336
BRF:18
BRH:14
end_of_record
TN:
SF:js/is/regexp.js
FN:26,isRegexp
FNF:1
FNH:0
FNDA:0,isRegexp
DA:3,14
DA:6,14
DA:27,0
DA:30,14
LF:4
LH:3
BRDA:27,0,0,0
BRDA:27,0,1,0
BRDA:27,0,2,0
BRF:3
BRH:0
end_of_record
TN:
SF:js/is/string.js
FN:26,isString
FNF:1
FNH:1
FNDA:26,isString
DA:3,14
DA:6,14
DA:27,26
DA:30,14
LF:4
LH:4
BRDA:27,0,0,26
BRDA:27,0,1,5
BRF:2
BRH:2
end_of_record
TN:
SF:js/is/testEnv.js
FN:10,_interopRequireDefault
FN:28,isTestEnv
FNF:2
FNH:1
FNDA:1,_interopRequireDefault
FNDA:0,isTestEnv
DA:3,1
DA:6,1
DA:8,1
DA:10,1
DA:29,0
DA:32,1
LF:6
LH:5
BRDA:10,0,0,0
BRDA:10,0,1,1
BRDA:10,1,0,1
BRDA:10,1,1,1
BRDA:29,2,0,0
BRDA:29,2,1,0
BRDA:29,2,2,0
BRF:7
BRH:3
end_of_record
TN:
SF:js/log/SLog.js
FN:16,_interopRequireDefault
FN:18,_classCallCheck
FN:20,_defineProperties
FN:22,_createClass
FN:24,_defineProperty
FN:46,(anonymous_5)
FN:71,SLog
FN:100,(anonymous_7)
FN:126,_overrideNativeConsole
FN:130,(anonymous_9)
FN:133,(anonymous_10)
FN:136,(anonymous_11)
FN:139,(anonymous_12)
FN:142,(anonymous_13)
FN:145,(anonymous_14)
FN:148,(anonymous_15)
FN:171,_log
FN:175,(anonymous_17)
FN:185,(anonymous_18)
FN:192,(anonymous_19)
FN:199,(anonymous_20)
FN:200,(anonymous_21)
FN:210,(anonymous_22)
FN:214,(anonymous_23)
FN:241,log
FN:264,info
FN:287,warn
FN:310,debug
FN:333,error
FN:356,trace
FNF:30
FNH:18
FNDA:28,_interopRequireDefault
FNDA:7,_classCallCheck
FNDA:7,_defineProperties
FNDA:7,_createClass
FNDA:7,_defineProperty
FNDA:7,(anonymous_5)
FNDA:7,SLog
FNDA:8,(anonymous_7)
FNDA:0,_overrideNativeConsole
FNDA:0,(anonymous_9)
FNDA:0,(anonymous_10)
FNDA:0,(anonymous_11)
FNDA:0,(anonymous_12)
FNDA:0,(anonymous_13)
FNDA:0,(anonymous_14)
FNDA:0,(anonymous_15)
FNDA:15,_log
FNDA:39,(anonymous_17)
FNDA:27,(anonymous_18)
FNDA:0,(anonymous_19)
FNDA:0,(anonymous_20)
FNDA:0,(anonymous_21)
FNDA:20,(anonymous_22)
FNDA:15,(anonymous_23)
FNDA:3,log
FNDA:3,info
FNDA:3,warn
FNDA:3,debug
FNDA:3,error
FNDA:0,trace
DA:3,7
DA:6,7
DA:8,7
DA:10,7
DA:12,7
DA:14,7
DA:16,28
DA:18,7
DA:20,56
DA:22,7
DA:24,7
DA:46,7
DA:72,7
DA:74,7
DA:81,7
DA:100,7
DA:101,8
DA:102,0
DA:104,0
DA:108,7
DA:109,0
DA:124,7
DA:128,0
DA:130,0
DA:131,0
DA:132,0
DA:134,0
DA:137,0
DA:140,0
DA:143,0
DA:146,0
DA:149,0
DA:154,0
DA:172,15
DA:173,15
DA:174,15
DA:175,15
DA:176,39
DA:177,27
DA:178,12
DA:179,12
DA:183,27
DA:185,15
DA:186,27
DA:187,15
DA:188,15
DA:191,15
DA:192,15
DA:193,15
DA:195,15
DA:196,15
DA:198,15
DA:199,0
DA:200,0
DA:201,0
DA:206,15
DA:208,15
DA:210,15
DA:212,20
DA:214,15
DA:217,15
DA:221,15
DA:243,3
DA:266,3
DA:289,3
DA:312,3
DA:335,3
DA:358,0
DA:362,7
DA:365,7
DA:366,7
LF:71
LH:53
BRDA:16,0,0,0
BRDA:16,0,1,28
BRDA:16,1,0,28
BRDA:16,1,1,28
BRDA:18,2,0,0
BRDA:18,2,1,7
BRDA:20,3,0,56
BRDA:20,3,1,56
BRDA:20,4,0,56
BRDA:20,4,1,0
BRDA:22,5,0,7
BRDA:22,5,1,0
BRDA:22,6,0,0
BRDA:22,6,1,7
BRDA:24,7,0,0
BRDA:24,7,1,7
BRDA:71,8,0,0
BRDA:101,9,0,0
BRDA:101,9,1,8
BRDA:108,10,0,0
BRDA:108,10,1,7
BRDA:131,11,0,0
BRDA:131,11,1,0
BRDA:152,12,0,0
BRDA:152,12,1,0
BRDA:154,13,0,0
BRDA:154,13,1,0
BRDA:176,14,0,27
BRDA:176,14,1,12
BRDA:177,15,0,12
BRDA:177,15,1,15
BRDA:186,16,0,12
BRDA:186,16,1,15
BRDA:186,17,0,27
BRDA:186,17,1,15
BRDA:187,18,0,0
BRDA:187,18,1,15
BRDA:187,19,0,15
BRDA:187,19,1,15
BRDA:191,20,0,15
BRDA:191,20,1,0
BRDA:192,21,0,15
BRDA:192,21,1,0
BRDA:192,22,0,0
BRDA:192,22,1,0
BRDA:193,23,0,15
BRDA:193,23,1,15
BRDA:193,23,2,0
BRDA:195,24,0,15
BRDA:195,24,1,0
BRDA:198,25,0,0
BRDA:198,25,1,15
BRDA:199,26,0,0
BRDA:199,26,1,0
BRDA:206,27,0,0
BRDA:206,27,1,15
BRDA:212,28,0,5
BRDA:212,28,1,15
BRDA:264,29,0,3
BRDA:287,30,0,3
BRDA:310,31,0,3
BRDA:333,32,0,3
BRDA:356,33,0,0
BRF:63
BRH:36
end_of_record
TN:
SF:js/log/debug.js
FN:10,_interopRequireDefault
FN:28,debug
FNF:2
FNH:2
FNDA:1,_interopRequireDefault
FNDA:1,debug
DA:3,1
DA:6,1
DA:8,1
DA:10,1
DA:29,1
DA:30,1
DA:33,1
DA:36,1
LF:8
LH:8
BRDA:10,0,0,0
BRDA:10,0,1,1
BRDA:10,1,0,1
BRDA:10,1,1,1
BRDA:29,2,0,1
BRDA:29,2,1,0
BRDA:29,3,0,1
BRDA:29,3,1,0
BRDA:30,4,0,1
BRDA:30,4,1,0
BRDA:33,5,0,1
BRDA:33,5,1,0
BRF:12
BRH:7
end_of_record
TN:
SF:js/log/error.js
FN:10,_interopRequireDefault
FN:28,error
FNF:2
FNH:2
FNDA:1,_interopRequireDefault
FNDA:1,error
DA:3,1
DA:6,1
DA:8,1
DA:10,1
DA:29,1
DA:30,1
DA:33,1
DA:36,1
LF:8
LH:8
BRDA:10,0,0,0
BRDA:10,0,1,1
BRDA:10,1,0,1
BRDA:10,1,1,1
BRDA:29,2,0,1
BRDA:29,2,1,0
BRDA:29,3,0,1
BRDA:29,3,1,0
BRDA:30,4,0,1
BRDA:30,4,1,0
BRDA:33,5,0,1
BRDA:33,5,1,0
BRF:12
BRH:7
end_of_record
TN:
SF:js/log/info.js
FN:10,_interopRequireDefault
FN:28,info
FNF:2
FNH:2
FNDA:1,_interopRequireDefault
FNDA:1,info
DA:3,1
DA:6,1
DA:8,1
DA:10,1
DA:29,1
DA:30,1
DA:33,1
DA:36,1
LF:8
LH:8
BRDA:10,0,0,0
BRDA:10,0,1,1
BRDA:10,1,0,1
BRDA:10,1,1,1
BRDA:29,2,0,1
BRDA:29,2,1,0
BRDA:29,3,0,1
BRDA:29,3,1,0
BRDA:30,4,0,1
BRDA:30,4,1,0
BRDA:33,5,0,1
BRDA:33,5,1,0
BRF:12
BRH:7
end_of_record
TN:
SF:js/log/log.js
FN:10,_interopRequireDefault
FN:28,log
FNF:2
FNH:2
FNDA:1,_interopRequireDefault
FNDA:1,log
DA:3,1
DA:6,1
DA:8,1
DA:10,1
DA:29,1
DA:30,1
DA:33,1
DA:36,1
LF:8
LH:8
BRDA:10,0,0,0
BRDA:10,0,1,1
BRDA:10,1,0,1
BRDA:10,1,1,1
BRDA:29,2,0,1
BRDA:29,2,1,0
BRDA:29,3,0,1
BRDA:29,3,1,0
BRDA:30,4,0,1
BRDA:30,4,1,0
BRDA:33,5,0,1
BRDA:33,5,1,0
BRF:12
BRH:7
end_of_record
TN:
SF:js/log/warn.js
FN:10,_interopRequireDefault
FN:28,warn
FNF:2
FNH:2
FNDA:1,_interopRequireDefault
FNDA:1,warn
DA:3,1
DA:6,1
DA:8,1
DA:10,1
DA:29,1
DA:30,1
DA:33,1
DA:36,1
LF:8
LH:8
BRDA:10,0,0,0
BRDA:10,0,1,1
BRDA:10,1,0,1
BRDA:10,1,1,1
BRDA:29,2,0,1
BRDA:29,2,1,0
BRDA:29,3,0,1
BRDA:29,3,1,0
BRDA:30,4,0,1
BRDA:30,4,1,0
BRDA:33,5,0,1
BRDA:33,5,1,0
BRF:12
BRH:7
end_of_record
TN:
SF:js/log/adapters/SLogConsoleAdapter.js
FN:18,_interopRequireDefault
FN:20,_classCallCheck
FN:22,_defineProperties
FN:24,_createClass
FN:26,_defineProperty
FN:48,(anonymous_5)
FN:71,SLogConsoleAdapter
FN:109,log
FN:110,(anonymous_8)
FNF:9
FNH:9
FNDA:35,_interopRequireDefault
FNDA:7,_classCallCheck
FNDA:7,_defineProperties
FNDA:7,_createClass
FNDA:7,_defineProperty
FNDA:7,(anonymous_5)
FNDA:7,SLogConsoleAdapter
FNDA:10,log
FNDA:10,(anonymous_8)
DA:3,7
DA:6,7
DA:8,7
DA:10,7
DA:12,7
DA:14,7
DA:16,7
DA:18,35
DA:20,7
DA:22,7
DA:24,7
DA:26,7
DA:48,7
DA:72,7
DA:74,7
DA:77,7
DA:107,7
DA:110,10
DA:112,10
DA:114,10
DA:116,0
DA:117,0
DA:120,2
DA:121,2
DA:124,2
DA:125,2
DA:128,2
DA:129,2
DA:132,2
DA:133,2
DA:137,10
DA:138,10
DA:139,0
DA:140,0
DA:142,0
DA:146,10
DA:151,7
DA:154,7
DA:155,7
LF:39
LH:34
BRDA:18,0,0,0
BRDA:18,0,1,35
BRDA:18,1,0,35
BRDA:18,1,1,35
BRDA:20,2,0,0
BRDA:20,2,1,7
BRDA:22,3,0,7
BRDA:22,3,1,7
BRDA:22,4,0,7
BRDA:22,4,1,0
BRDA:24,5,0,7
BRDA:24,5,1,0
BRDA:24,6,0,0
BRDA:24,6,1,7
BRDA:26,7,0,0
BRDA:26,7,1,7
BRDA:71,8,0,7
BRDA:114,9,0,0
BRDA:114,9,1,2
BRDA:114,9,2,2
BRDA:114,9,3,2
BRDA:114,9,4,2
BRDA:137,10,0,10
BRDA:137,10,1,0
BRDA:138,11,0,10
BRDA:138,11,1,10
BRDA:138,12,0,10
BRDA:138,12,1,0
BRDA:139,13,0,0
BRDA:139,13,1,0
BRDA:140,14,0,0
BRDA:140,14,1,0
BRDA:140,15,0,0
BRDA:140,15,1,0
BRDA:142,16,0,0
BRDA:142,16,1,0
BRDA:142,17,0,0
BRDA:142,17,1,0
BRF:38
BRH:19
end_of_record
TN:
SF:js/log/htmlPresets/console.js
FN:12,_interopRequireDefault
FN:28,console
FN:30,(anonymous_2)
FN:31,(anonymous_3)
FN:32,(anonymous_4)
FN:33,(anonymous_5)
FN:34,(anonymous_6)
FN:35,(anonymous_7)
FN:36,(anonymous_8)
FN:37,(anonymous_9)
FN:38,(anonymous_10)
FN:39,(anonymous_11)
FN:40,(anonymous_12)
FN:41,(anonymous_13)
FN:42,(anonymous_14)
FN:43,(anonymous_15)
FN:44,(anonymous_16)
FN:45,(anonymous_17)
FN:46,(anonymous_18)
FN:47,(anonymous_19)
FN:48,(anonymous_20)
FN:49,(anonymous_21)
FN:50,(anonymous_22)
FN:51,(anonymous_23)
FNF:24
FNH:4
FNDA:14,_interopRequireDefault
FNDA:10,console
FNDA:0,(anonymous_2)
FNDA:0,(anonymous_3)
FNDA:1,(anonymous_4)
FNDA:0,(anonymous_5)
FNDA:0,(anonymous_6)
FNDA:0,(anonymous_7)
FNDA:0,(anonymous_8)
FNDA:0,(anonymous_9)
FNDA:0,(anonymous_10)
FNDA:0,(anonymous_11)
FNDA:0,(anonymous_12)
FNDA:0,(anonymous_13)
FNDA:0,(anonymous_14)
FNDA:0,(anonymous_15)
FNDA:0,(anonymous_16)
FNDA:0,(anonymous_17)
FNDA:1,(anonymous_18)
FNDA:0,(anonymous_19)
FNDA:0,(anonymous_20)
FNDA:0,(anonymous_21)
FNDA:0,(anonymous_22)
FNDA:0,(anonymous_23)
DA:3,7
DA:6,7
DA:8,7
DA:10,7
DA:12,14
DA:14,7
DA:29,10
DA:30,0
DA:31,0
DA:32,1
DA:33,0
DA:34,0
DA:35,0
DA:36,0
DA:37,0
DA:38,0
DA:39,0
DA:40,0
DA:41,0
DA:42,0
DA:43,0
DA:44,0
DA:45,0
DA:46,1
DA:47,0
DA:48,0
DA:49,0
DA:50,0
DA:51,0
DA:55,7
LF:30
LH:10
BRDA:12,0,0,0
BRDA:12,0,1,14
BRDA:12,1,0,14
BRDA:12,1,1,14
BRF:4
BRH:3
end_of_record
TN:
SF:js/log/htmlPresets/files.js
FN:10,_interopRequireDefault
FN:24,files
FN:26,(anonymous_2)
FN:27,(anonymous_3)
FN:28,(anonymous_4)
FN:29,(anonymous_5)
FN:30,(anonymous_6)
FN:31,(anonymous_7)
FN:32,(anonymous_8)
FN:33,(anonymous_9)
FN:34,(anonymous_10)
FN:35,(anonymous_11)
FN:36,(anonymous_12)
FN:37,(anonymous_13)
FN:38,(anonymous_14)
FN:39,(anonymous_15)
FN:40,(anonymous_16)
FN:41,(anonymous_17)
FN:42,(anonymous_18)
FN:43,(anonymous_19)
FN:44,(anonymous_20)
FN:45,(anonymous_21)
FN:46,(anonymous_22)
FN:47,(anonymous_23)
FNF:24
FNH:4
FNDA:1,_interopRequireDefault
FNDA:5,files
FNDA:0,(anonymous_2)
FNDA:0,(anonymous_3)
FNDA:1,(anonymous_4)
FNDA:0,(anonymous_5)
FNDA:0,(anonymous_6)
FNDA:0,(anonymous_7)
FNDA:0,(anonymous_8)
FNDA:0,(anonymous_9)
FNDA:0,(anonymous_10)
FNDA:0,(anonymous_11)
FNDA:0,(anonymous_12)
FNDA:0,(anonymous_13)
FNDA:0,(anonymous_14)
FNDA:0,(anonymous_15)
FNDA:0,(anonymous_16)
FNDA:0,(anonymous_17)
FNDA:1,(anonymous_18)
FNDA:0,(anonymous_19)
FNDA:0,(anonymous_20)
FNDA:0,(anonymous_21)
FNDA:0,(anonymous_22)
FNDA:0,(anonymous_23)
DA:3,1
DA:6,1
DA:8,1
DA:10,1
DA:25,5
DA:26,0
DA:27,0
DA:28,1
DA:29,0
DA:30,0
DA:31,0
DA:32,0
DA:33,0
DA:34,0
DA:35,0
DA:36,0
DA:37,0
DA:38,0
DA:39,0
DA:40,0
DA:41,0
DA:42,1
DA:43,0
DA:44,0
DA:45,0
DA:46,0
DA:47,0
DA:51,1
LF:28
LH:8
BRDA:10,0,0,0
BRDA:10,0,1,1
BRDA:10,1,0,1
BRDA:10,1,1,1
BRF:4
BRH:3
end_of_record
TN:
SF:js/nav/SNav.js
FN:16,_interopRequireDefault
FN:18,_classCallCheck
FN:20,_defineProperties
FN:22,_createClass
FN:24,_defineProperty
FN:46,(anonymous_5)
FN:96,SNav
FN:130,(anonymous_7)
FN:132,(anonymous_8)
FN:163,getItemIndex
FN:181,getItem
FN:185,(anonymous_11)
FN:210,addItem
FN:211,(anonymous_13)
FN:233,removeItem
FN:234,(anonymous_15)
FN:246,(anonymous_16)
FN:284,toMarkdown
FN:288,(anonymous_18)
FN:315,toHtml
FN:319,(anonymous_20)
FN:337,(anonymous_21)
FN:352,(anonymous_22)
FN:367,(anonymous_23)
FN:382,(anonymous_24)
FNF:25
FNH:10
FNDA:8,_interopRequireDefault
FNDA:467,_classCallCheck
FNDA:2,_defineProperties
FNDA:2,_createClass
FNDA:1868,_defineProperty
FNDA:2,(anonymous_5)
FNDA:467,SNav
FNDA:467,(anonymous_7)
FNDA:0,(anonymous_8)
FNDA:0,getItemIndex
FNDA:0,getItem
FNDA:0,(anonymous_11)
FNDA:851,addItem
FNDA:851,(anonymous_13)
FNDA:0,removeItem
FNDA:0,(anonymous_15)
FNDA:0,(anonymous_16)
FNDA:0,toMarkdown
FNDA:0,(anonymous_18)
FNDA:0,toHtml
FNDA:0,(anonymous_20)
FNDA:0,(anonymous_21)
FNDA:0,(anonymous_22)
FNDA:0,(anonymous_23)
FNDA:0,(anonymous_24)
DA:3,2
DA:6,2
DA:8,2
DA:10,2
DA:12,2
DA:14,2
DA:16,8
DA:18,467
DA:20,20
DA:22,2
DA:24,1868
DA:46,2
DA:97,467
DA:99,467
DA:101,467
DA:103,467
DA:105,467
DA:107,467
DA:127,467
DA:128,467
DA:130,467
DA:132,467
DA:133,0
DA:149,2
DA:164,0
DA:165,0
DA:182,0
DA:184,0
DA:185,0
DA:186,0
DA:189,0
DA:190,0
DA:191,0
DA:194,0
DA:211,851
DA:212,851
DA:214,851
DA:216,851
DA:217,851
DA:234,0
DA:235,0
DA:236,0
DA:238,0
DA:240,0
DA:242,0
DA:244,0
DA:245,0
DA:246,0
DA:247,0
DA:250,0
DA:252,0
DA:254,0
DA:256,0
DA:257,0
DA:258,0
DA:260,0
DA:262,0
DA:264,0
DA:267,0
DA:285,0
DA:286,0
DA:288,0
DA:289,0
DA:290,0
DA:291,0
DA:292,0
DA:298,0
DA:316,0
DA:317,0
DA:319,0
DA:320,0
DA:321,0
DA:322,0
DA:323,0
DA:332,0
DA:333,0
DA:338,0
DA:353,0
DA:368,0
DA:383,0
DA:387,2
DA:390,2
DA:391,2
LF:83
LH:31
BRDA:16,0,0,1
BRDA:16,0,1,7
BRDA:16,1,0,8
BRDA:16,1,1,8
BRDA:18,2,0,0
BRDA:18,2,1,467
BRDA:20,3,0,20
BRDA:20,3,1,20
BRDA:20,4,0,12
BRDA:20,4,1,8
BRDA:22,5,0,2
BRDA:22,5,1,0
BRDA:22,6,0,0
BRDA:22,6,1,2
BRDA:24,7,0,0
BRDA:24,7,1,1868
BRDA:96,8,0,467
BRDA:182,9,0,0
BRDA:182,9,1,0
BRDA:184,10,0,0
BRDA:184,10,1,0
BRDA:189,11,0,0
BRDA:189,11,1,0
BRDA:190,12,0,0
BRDA:190,12,1,0
BRDA:191,13,0,0
BRDA:191,13,1,0
BRDA:235,14,0,0
BRDA:235,14,1,0
BRDA:238,15,0,0
BRDA:238,15,1,0
BRDA:245,16,0,0
BRDA:245,16,1,0
BRDA:250,17,0,0
BRDA:250,17,1,0
BRDA:250,18,0,0
BRDA:250,18,1,0
BRDA:257,19,0,0
BRDA:257,19,1,0
BRDA:258,20,0,0
BRDA:258,20,1,0
BRDA:284,21,0,0
BRDA:289,22,0,0
BRDA:289,22,1,0
BRDA:291,23,0,0
BRDA:291,23,1,0
BRDA:315,24,0,0
BRDA:317,25,0,0
BRDA:317,25,1,0
BRDA:320,26,0,0
BRDA:320,26,1,0
BRDA:322,27,0,0
BRDA:322,27,1,0
BRDA:332,28,0,0
BRDA:332,28,1,0
BRF:55
BRH:13
end_of_record
TN:
SF:js/nav/SNavItem.js
FN:12,_interopRequireDefault
FN:14,_classCallCheck
FN:16,_defineProperties
FN:18,_createClass
FN:20,_defineProperty
FN:48,(anonymous_5)
FN:108,SNavItem
FN:163,toMarkdown
FN:195,toHtml
FN:214,(anonymous_9)
FN:230,(anonymous_10)
FN:246,(anonymous_11)
FN:261,(anonymous_12)
FN:276,(anonymous_13)
FNF:14
FNH:12
FNDA:4,_interopRequireDefault
FNDA:386,_classCallCheck
FNDA:2,_defineProperties
FNDA:2,_createClass
FNDA:1930,_defineProperty
FNDA:2,(anonymous_5)
FNDA:386,SNavItem
FNDA:1,toMarkdown
FNDA:0,toHtml
FNDA:1,(anonymous_9)
FNDA:0,(anonymous_10)
FNDA:2,(anonymous_11)
FNDA:3,(anonymous_12)
FNDA:1,(anonymous_13)
DA:3,2
DA:6,2
DA:8,2
DA:10,2
DA:12,4
DA:14,386
DA:16,14
DA:18,2
DA:20,1930
DA:48,2
DA:109,386
DA:111,386
DA:113,386
DA:115,386
DA:117,386
DA:119,386
DA:121,386
DA:134,386
DA:135,386
DA:136,386
DA:149,2
DA:164,1
DA:166,1
DA:167,0
DA:170,1
DA:171,1
DA:173,1
DA:174,1
DA:176,0
DA:179,1
DA:196,0
DA:198,0
DA:199,0
DA:202,0
DA:204,0
DA:205,0
DA:207,0
DA:210,0
DA:215,1
DA:231,0
DA:232,0
DA:247,2
DA:262,3
DA:277,1
DA:281,2
DA:284,2
DA:285,2
LF:47
LH:35
BRDA:12,0,0,1
BRDA:12,0,1,3
BRDA:12,1,0,4
BRDA:12,1,1,4
BRDA:14,2,0,0
BRDA:14,2,1,386
BRDA:16,3,0,14
BRDA:16,3,1,14
BRDA:16,4,0,4
BRDA:16,4,1,10
BRDA:18,5,0,2
BRDA:18,5,1,0
BRDA:18,6,0,0
BRDA:18,6,1,2
BRDA:20,7,0,0
BRDA:20,7,1,1930
BRDA:108,8,0,385
BRDA:163,9,0,1
BRDA:166,10,0,0
BRDA:166,10,1,1
BRDA:166,11,0,1
BRDA:166,11,1,0
BRDA:170,12,0,0
BRDA:170,12,1,1
BRDA:173,13,0,1
BRDA:173,13,1,0
BRDA:174,14,0,1
BRDA:174,14,1,0
BRDA:176,15,0,0
BRDA:176,15,1,0
BRDA:195,16,0,0
BRDA:198,17,0,0
BRDA:198,17,1,0
BRDA:198,18,0,0
BRDA:198,18,1,0
BRDA:204,19,0,0
BRDA:204,19,1,0
BRDA:205,20,0,0
BRDA:205,20,1,0
BRDA:205,21,0,0
BRDA:205,21,1,0
BRDA:207,22,0,0
BRDA:207,22,1,0
BRDA:231,23,0,0
BRDA:231,23,1,0
BRF:45
BRH:19
end_of_record
TN:
SF:js/number/constrain.js
FN:26,constrain
FNF:1
FNH:1
FNDA:2,constrain
DA:3,1
DA:6,1
DA:27,2
DA:28,2
DA:29,2
DA:32,1
LF:6
LH:6
BRDA:26,0,0,0
BRDA:26,1,0,0
BRDA:27,2,0,1
BRDA:27,2,1,1
BRDA:27,3,0,2
BRDA:27,3,1,2
BRDA:28,4,0,1
BRDA:28,4,1,1
BRDA:28,5,0,2
BRDA:28,5,1,2
BRF:10
BRH:8
end_of_record
TN:
SF:js/object/SWatch.js
FN:28,_interopRequireDefault
FN:30,_classCallCheck
FN:32,_defineProperties
FN:34,_createClass
FN:36,_defineProperty
FN:65,(anonymous_5)
FN:95,SWatch
FN:107,(anonymous_7)
FN:108,(anonymous_8)
FN:123,(anonymous_9)
FN:177,unwatch
FNF:11
FNH:11
FNDA:20,_interopRequireDefault
FNDA:2,_classCallCheck
FNDA:2,_defineProperties
FNDA:2,_createClass
FNDA:4,_defineProperty
FNDA:2,(anonymous_5)
FNDA:2,SWatch
FNDA:2,(anonymous_7)
FNDA:14,(anonymous_8)
FNDA:14,(anonymous_9)
FNDA:2,unwatch
DA:3,2
DA:6,2
DA:8,2
DA:10,2
DA:12,2
DA:14,2
DA:16,2
DA:18,2
DA:20,2
DA:22,2
DA:24,2
DA:26,2
DA:28,20
DA:30,2
DA:32,2
DA:34,2
DA:36,4
DA:65,2
DA:96,2
DA:98,2
DA:100,2
DA:103,2
DA:104,2
DA:107,2
DA:108,2
DA:109,14
DA:110,14
DA:111,14
DA:112,14
DA:114,14
DA:121,14
DA:123,14
DA:125,14
DA:130,2
DA:137,2
DA:138,0
DA:142,2
DA:147,2
DA:154,2
DA:155,0
DA:159,2
DA:166,2
DA:172,2
DA:175,2
DA:179,2
DA:182,2
DA:186,2
DA:189,2
DA:190,2
LF:49
LH:47
BRDA:28,0,0,0
BRDA:28,0,1,20
BRDA:28,1,0,20
BRDA:28,1,1,20
BRDA:30,2,0,0
BRDA:30,2,1,2
BRDA:32,3,0,2
BRDA:32,3,1,2
BRDA:32,4,0,2
BRDA:32,4,1,0
BRDA:34,5,0,2
BRDA:34,5,1,0
BRDA:34,6,0,0
BRDA:34,6,1,2
BRDA:36,7,0,0
BRDA:36,7,1,4
BRDA:95,8,0,1
BRDA:103,9,0,0
BRDA:103,9,1,2
BRDA:112,10,0,0
BRDA:112,10,1,14
BRDA:121,11,0,0
BRDA:121,11,1,14
BRDA:121,12,0,14
BRDA:121,12,1,0
BRDA:121,12,2,0
BRDA:137,13,0,0
BRDA:137,13,1,2
BRDA:154,14,0,0
BRDA:154,14,1,2
BRF:30
BRH:17
end_of_record
TN:
SF:js/object/clone.js
FN:12,_interopRequireDefault
FN:32,clone
FNF:2
FNH:2
FNDA:12,_interopRequireDefault
FNDA:14,clone
DA:3,6
DA:6,6
DA:8,6
DA:10,6
DA:12,12
DA:33,14
DA:34,14
DA:37,0
DA:40,6
LF:9
LH:8
BRDA:12,0,0,0
BRDA:12,0,1,12
BRDA:12,1,0,12
BRDA:12,1,1,12
BRDA:32,2,0,0
BRDA:33,3,0,14
BRDA:33,3,1,0
BRF:7
BRH:4
end_of_record
TN:
SF:js/object/constructorName.js
FN:28,constructorName
FNF:1
FNH:0
FNDA:0,constructorName
DA:3,2
DA:6,2
DA:29,0
DA:32,2
LF:4
LH:3
BRDA:29,0,0,0
BRDA:29,0,1,0
BRDA:29,1,0,0
BRDA:29,1,1,0
BRF:4
BRH:0
end_of_record
TN:
SF:js/object/deepMap.js
FN:12,_interopRequireDefault
FN:38,deepMap
FN:44,(anonymous_2)
FNF:3
FNH:3
FNDA:20,_interopRequireDefault
FNDA:69,deepMap
FNDA:170,(anonymous_2)
DA:3,10
DA:6,10
DA:8,10
DA:10,10
DA:12,20
DA:39,69
DA:44,69
DA:45,170
DA:46,170
DA:47,48
DA:48,48
DA:51,122
DA:52,122
DA:54,0
DA:55,0
DA:57,0
DA:58,0
DA:59,0
DA:63,69
DA:66,10
LF:20
LH:15
BRDA:12,0,0,0
BRDA:12,0,1,20
BRDA:12,1,0,20
BRDA:12,1,1,20
BRDA:38,2,0,19
BRDA:38,3,0,21
BRDA:45,4,0,170
BRDA:45,4,1,0
BRDA:46,5,0,48
BRDA:46,5,1,122
BRDA:46,6,0,170
BRDA:46,6,1,132
BRDA:46,6,2,10
BRDA:48,7,0,48
BRDA:48,7,1,0
BRDA:52,8,0,38
BRDA:52,8,1,84
BRDA:55,9,0,0
BRDA:55,9,1,0
BRDA:57,10,0,0
BRDA:57,10,1,0
BRDA:57,11,0,0
BRDA:57,11,1,0
BRDA:57,11,2,0
BRDA:59,12,0,0
BRDA:59,12,1,0
BRF:26
BRH:14
end_of_record
TN:
SF:js/object/deepMerge.js
FN:14,_interopRequireDefault
FN:38,deepMerge
FN:44,merge
FNF:3
FNH:3
FNDA:105,_interopRequireDefault
FNDA:1684,deepMerge
FNDA:3496,merge
DA:3,35
DA:6,35
DA:8,35
DA:10,35
DA:12,35
DA:14,105
DA:39,1684
DA:45,3496
DA:46,3496
DA:47,3496
DA:48,3496
DA:49,3496
DA:51,3496
DA:53,4903
DA:54,1
DA:55,1
DA:56,1
DA:58,4902
DA:59,130
DA:60,130
DA:63,4772
DA:66,3496
DA:69,1684
DA:71,1684
DA:72,1
DA:73,1
DA:74,1
DA:77,1684
DA:79,1684
DA:80,3366
DA:81,3366
DA:84,1684
DA:87,35
LF:33
LH:33
BRDA:14,0,0,0
BRDA:14,0,1,105
BRDA:14,1,0,105
BRDA:14,1,1,105
BRDA:46,2,0,0
BRDA:46,2,1,3496
BRDA:46,3,0,3496
BRDA:46,3,1,0
BRDA:47,4,0,0
BRDA:47,4,1,3496
BRDA:47,5,0,3496
BRDA:47,5,1,0
BRDA:48,6,0,0
BRDA:48,6,1,3496
BRDA:48,7,0,3496
BRDA:48,7,1,0
BRDA:53,8,0,1
BRDA:53,8,1,4902
BRDA:53,9,0,4903
BRDA:53,9,1,4
BRDA:53,9,2,1
BRDA:58,10,0,130
BRDA:58,10,1,4772
BRDA:58,11,0,4902
BRDA:58,11,1,4902
BRDA:58,11,2,130
BRDA:69,12,0,1684
BRDA:69,12,1,0
BRDA:71,13,0,1
BRDA:71,13,1,1683
BRDA:71,14,0,1684
BRDA:71,14,1,1
BRDA:71,14,2,1683
BRDA:71,14,3,0
BRDA:72,15,0,1
BRDA:72,15,1,0
BRDA:73,16,0,0
BRDA:73,16,1,1
BRDA:80,17,0,3366
BRDA:80,17,1,0
BRF:40
BRH:28
end_of_record
TN:
SF:js/object/deepProxy.js
FN:18,_interopRequireDefault
FN:56,deepProxy
FN:66,makeHandler
FN:68,(anonymous_3)
FN:90,(anonymous_4)
FN:109,(anonymous_5)
FN:138,proxify
FN:145,(anonymous_7)
FN:163,(anonymous_8)
FN:170,(anonymous_9)
FN:179,(anonymous_10)
FN:180,(anonymous_11)
FNF:12
FNH:12
FNDA:30,_interopRequireDefault
FNDA:2,deepProxy
FNDA:12,makeHandler
FNDA:42,(anonymous_3)
FNDA:506,(anonymous_4)
FNDA:2,(anonymous_5)
FNDA:12,proxify
FNDA:2,(anonymous_7)
FNDA:14,(anonymous_8)
FNDA:86,(anonymous_9)
FNDA:2,(anonymous_10)
FNDA:26,(anonymous_11)
DA:3,6
DA:6,6
DA:8,6
DA:10,6
DA:12,6
DA:14,6
DA:16,6
DA:18,30
DA:57,2
DA:58,2
DA:59,2
DA:67,12
DA:69,42
DA:71,10
DA:72,0
DA:75,10
DA:76,10
DA:77,10
DA:87,10
DA:91,506
DA:92,414
DA:93,0
DA:101,0
DA:102,0
DA:103,0
DA:106,92
DA:110,2
DA:112,2
DA:114,2
DA:115,2
DA:117,2
DA:118,2
DA:129,2
DA:132,0
DA:139,12
DA:141,12
DA:142,12
DA:143,20
DA:144,2
DA:145,2
DA:146,2
DA:151,18
DA:152,10
DA:157,12
DA:159,12
DA:165,14
DA:168,14
DA:170,14
DA:172,86
DA:173,38
DA:176,48
DA:179,14
DA:180,2
DA:181,26
DA:182,12
DA:186,2
DA:189,14
DA:193,12
DA:194,0
DA:196,12
DA:201,12
DA:204,2
DA:207,6
LF:63
LH:56
BRDA:18,0,0,0
BRDA:18,0,1,30
BRDA:18,1,0,30
BRDA:18,1,1,30
BRDA:56,2,0,0
BRDA:69,3,0,32
BRDA:69,3,1,10
BRDA:69,4,0,42
BRDA:69,4,1,10
BRDA:71,5,0,0
BRDA:71,5,1,10
BRDA:71,6,0,10
BRDA:71,6,1,10
BRDA:91,7,0,414
BRDA:91,7,1,92
BRDA:92,8,0,414
BRDA:92,8,1,0
BRDA:101,9,0,0
BRDA:101,9,1,0
BRDA:102,10,0,0
BRDA:102,10,1,0
BRDA:110,11,0,0
BRDA:110,11,1,2
BRDA:110,12,0,2
BRDA:110,12,1,2
BRDA:112,13,0,2
BRDA:112,13,1,0
BRDA:117,14,0,2
BRDA:117,14,1,0
BRDA:139,15,0,0
BRDA:139,15,1,12
BRDA:141,16,0,12
BRDA:141,16,1,0
BRDA:143,17,0,2
BRDA:143,17,1,18
BRDA:151,18,0,10
BRDA:151,18,1,8
BRDA:172,19,0,38
BRDA:172,19,1,48
BRDA:172,20,0,86
BRDA:172,20,1,38
BRDA:181,21,0,12
BRDA:181,21,1,14
BRDA:181,22,0,26
BRDA:181,22,1,12
BRDA:193,23,0,0
BRDA:193,23,1,12
BRF:47
BRH:33
end_of_record
TN:
SF:js/object/deepize.js
FN:10,_interopRequireDefault
FN:38,deepize
FNF:2
FNH:2
FNDA:4,_interopRequireDefault
FNDA:2,deepize
DA:3,4
DA:6,4
DA:8,4
DA:10,4
DA:39,2
DA:41,2
DA:42,12
DA:45,2
DA:48,4
LF:9
LH:9
BRDA:10,0,0,0
BRDA:10,0,1,4
BRDA:10,1,0,4
BRDA:10,1,1,4
BRF:4
BRH:3
end_of_record
TN:
SF:js/object/delete.js
FN:10,_interopRequireDefault
FN:32,del
FN:46,(anonymous_2)
FNF:3
FNH:2
FNDA:18,_interopRequireDefault
FNDA:1,del
FNDA:0,(anonymous_2)
DA:3,18
DA:6,18
DA:8,18
DA:10,18
DA:33,1
DA:34,1
DA:35,1
DA:36,1
DA:37,1
DA:38,1
DA:40,1
DA:41,1
DA:43,1
DA:44,1
DA:45,0
DA:46,0
DA:47,0
DA:50,1
DA:53,1
DA:55,0
DA:59,1
DA:62,18
LF:22
LH:18
BRDA:10,0,0,0
BRDA:10,0,1,18
BRDA:10,1,0,18
BRDA:10,1,1,18
BRDA:34,2,0,0
BRDA:34,2,1,1
BRDA:34,3,0,1
BRDA:34,3,1,1
BRDA:34,3,2,1
BRDA:43,4,0,1
BRDA:43,4,1,0
BRDA:44,5,0,0
BRDA:44,5,1,1
BRF:13
BRH:9
end_of_record
TN:
SF:js/object/diff.js
FN:12,_interopRequireDefault
FN:52,diff
FNF:2
FNH:2
FNDA:8,_interopRequireDefault
FNDA:4,diff
DA:3,4
DA:6,4
DA:8,4
DA:10,4
DA:12,8
DA:53,4
DA:62,4
DA:63,4
DA:65,4
DA:66,8
DA:68,8
DA:69,8
DA:70,2
DA:71,2
DA:72,2
DA:76,6
DA:77,6
DA:78,2
DA:79,2
DA:83,4
DA:84,0
DA:86,0
DA:87,0
DA:91,4
DA:92,0
DA:93,0
DA:94,0
DA:98,4
DA:99,0
DA:100,0
DA:101,0
DA:105,4
DA:106,4
DA:107,0
DA:110,4
DA:111,2
DA:112,2
DA:117,4
DA:120,4
LF:39
LH:29
BRDA:12,0,0,0
BRDA:12,0,1,8
BRDA:12,1,0,8
BRDA:12,1,1,8
BRDA:52,2,0,2
BRDA:68,3,0,8
BRDA:68,3,1,0
BRDA:69,4,0,2
BRDA:69,4,1,6
BRDA:69,5,0,8
BRDA:69,5,1,2
BRDA:71,6,0,0
BRDA:71,6,1,2
BRDA:76,7,0,6
BRDA:76,7,1,0
BRDA:77,8,0,2
BRDA:77,8,1,4
BRDA:77,9,0,6
BRDA:77,9,1,2
BRDA:83,10,0,0
BRDA:83,10,1,4
BRDA:84,11,0,0
BRDA:84,11,1,0
BRDA:84,12,0,0
BRDA:84,12,1,0
BRDA:91,13,0,0
BRDA:91,13,1,4
BRDA:92,14,0,0
BRDA:92,14,1,0
BRDA:98,15,0,0
BRDA:98,15,1,4
BRDA:99,16,0,0
BRDA:99,16,1,0
BRDA:99,17,0,0
BRDA:99,17,1,0
BRDA:105,18,0,4
BRDA:105,18,1,0
BRDA:106,19,0,0
BRDA:106,19,1,4
BRDA:106,20,0,4
BRDA:106,20,1,4
BRDA:110,21,0,2
BRDA:110,21,1,2
BRF:43
BRH:24
end_of_record
TN:
SF:js/object/ensureExists.js
FN:12,_interopRequireDefault
FN:33,(anonymous_1)
FNF:2
FNH:2
FNDA:2,_interopRequireDefault
FNDA:386,(anonymous_1)
DA:3,1
DA:6,1
DA:8,1
DA:10,1
DA:12,2
DA:33,1
DA:34,386
DA:36,386
DA:37,385
DA:41,1
DA:42,1
LF:11
LH:11
BRDA:12,0,0,0
BRDA:12,0,1,2
BRDA:12,1,0,2
BRDA:12,1,1,2
BRDA:33,2,0,0
BRDA:36,3,0,385
BRDA:36,3,1,1
BRF:7
BRH:5
end_of_record
TN:
SF:js/object/extractValues.js
FN:33,extractValues
FN:35,(anonymous_1)
FNF:2
FNH:2
FNDA:1,extractValues
FNDA:3,(anonymous_1)
DA:3,2
DA:6,2
DA:34,1
DA:35,1
DA:36,3
DA:37,2
DA:39,1
DA:42,2
LF:8
LH:8
BRDA:36,0,0,1
BRDA:36,0,1,2
BRF:2
BRH:2
end_of_record
TN:
SF:js/object/filter.js
FN:31,filter
FN:35,(anonymous_1)
FNF:2
FNH:2
FNDA:12,filter
FNDA:36,(anonymous_1)
DA:3,5
DA:6,5
DA:33,12
DA:35,12
DA:37,36
DA:39,24
DA:43,12
DA:46,5
LF:8
LH:8
BRDA:37,0,0,24
BRDA:37,0,1,12
BRF:2
BRH:2
end_of_record
TN:
SF:js/object/flatten.js
FN:30,flatten
FNF:1
FNH:1
FNDA:6,flatten
DA:3,2
DA:6,2
DA:31,6
DA:33,6
DA:34,7
DA:36,7
DA:37,4
DA:39,4
DA:40,4
DA:41,4
DA:44,3
DA:48,6
DA:51,2
LF:13
LH:13
BRDA:30,0,0,1
BRDA:30,1,0,1
BRDA:34,2,0,0
BRDA:34,2,1,7
BRDA:36,3,0,4
BRDA:36,3,1,3
BRDA:36,4,0,7
BRDA:36,4,1,1
BRDA:36,4,2,7
BRDA:36,5,0,7
BRDA:36,5,1,6
BRDA:40,6,0,0
BRDA:40,6,1,4
BRF:13
BRH:11
end_of_record
TN:
SF:js/object/get.js
FN:24,(anonymous_0)
FNF:1
FNH:1
FNDA:1302,(anonymous_0)
DA:3,19
DA:6,19
DA:24,19
DA:25,1302
DA:26,1261
DA:27,1259
DA:28,1259
DA:29,1259
DA:30,1259
[...]
DA:3,1
DA:4,1
DA:5,1
DA:6,1
DA:7,1
DA:8,1
DA:9,1
DA:28,1
DA:38,2
DA:49,2
DA:60,2
DA:71,2
DA:82,2
DA:95,2
DA:98,2
DA:99,2
DA:100,2
DA:101,0
DA:102,2
DA:103,2
DA:105,0
DA:109,2
DA:110,1
DA:113,1
DA:127,0
DA:140,0
DA:153,0
DA:166,1
DA:167,1
DA:168,1
DA:171,1
DA:172,1
DA:184,0
DA:202,1
DA:203,1
DA:204,1
DA:205,1
DA:211,1
DA:213,1
DA:214,1
DA:215,1
DA:216,0
DA:222,0
DA:225,1
DA:228,1
DA:229,1
DA:233,1
DA:235,1
DA:236,1
DA:237,1
LF:52
LH:44
BRDA:93,0,0,0
BRDA:98,1,0,2
BRDA:98,1,1,0
BRDA:100,2,0,0
BRDA:100,2,1,2
BRDA:100,3,0,2
BRDA:100,3,1,0
BRDA:109,4,0,1
BRDA:109,4,1,1
BRDA:167,5,0,0
BRDA:167,5,1,1
BRDA:171,6,0,1
BRDA:171,6,1,0
BRDA:204,7,0,1
BRDA:204,7,1,0
BRDA:215,8,0,0
BRDA:215,8,1,1
BRDA:225,9,0,0
BRDA:225,9,1,1
BRDA:225,10,0,1
BRDA:225,10,1,1
BRDA:228,11,0,1
BRDA:228,11,1,0
BRDA:228,12,0,1
BRDA:228,12,1,1
BRDA:233,13,0,1
BRDA:233,13,1,0
BRDA:236,14,0,1
BRDA:236,14,1,0
BRF:29
BRH:17
end_of_record
TN:
SF:src/node/doc/docNav.js
FN:35,docNav
FN:66,(anonymous_1)
FN:71,deep
FN:83,(anonymous_3)
FN:84,(anonymous_4)
FNF:5
FNH:5
FNDA:1,docNav
FNDA:386,(anonymous_1)
FNDA:467,deep
FNDA:466,(anonymous_3)
FNDA:1379,(anonymous_4)
DA:1,1
DA:2,1
DA:3,1
DA:4,1
DA:5,1
DA:6,1
DA:7,1
DA:8,1
DA:9,1
DA:10,1
DA:11,1
DA:35,1
DA:39,1
DA:48,1
DA:50,1
DA:54,0
DA:57,1
DA:58,1
DA:59,0
DA:60,1
DA:61,1
DA:64,1
DA:66,1
DA:67,386
DA:68,386
DA:73,467
DA:74,467
DA:75,385
DA:76,385
DA:81,385
DA:82,82
DA:83,82
DA:84,1379
DA:85,466
DA:86,466
DA:87,466
DA:88,466
DA:92,1
DA:96,1
LF:39
LH:37
BRDA:36,0,0,0
BRDA:37,1,0,1
BRDA:50,2,0,0
BRDA:50,2,1,1
BRDA:50,3,0,1
BRDA:50,3,1,1
BRDA:58,4,0,0
BRDA:58,4,1,1
BRDA:60,5,0,1
BRDA:60,5,1,0
BRDA:71,6,0,0
BRDA:74,7,0,385
BRDA:74,7,1,82
BRDA:82,8,0,82
BRDA:82,8,1,0
BRF:15
BRH:9
end_of_record
TN:
SF:src/node/doc/__tests__/SDocMapItem.js
FN:1,(anonymous_0)
FN:2,(anonymous_1)
FN:3,(anonymous_2)
FNF:3
FNH:3
FNDA:1,(anonymous_0)
FNDA:1,(anonymous_1)
FNDA:1,(anonymous_2)
DA:1,1
DA:2,1
DA:3,1
DA:4,1
DA:6,1
DA:8,1
LF:6
LH:6
BRF:0
BRH:0
end_of_record
TN:
SF:src/node/doc/__tests__/docNav.js
FN:1,(anonymous_0)
FN:2,(anonymous_1)
FN:3,(anonymous_2)
FNF:3
FNH:3
FNDA:1,(anonymous_0)
FNDA:1,(anonymous_1)
FNDA:1,(anonymous_2)
DA:1,1
DA:2,1
DA:3,1
DA:4,1
DA:6,1
LF:5
LH:5
BRF:0
BRH:0
end_of_record
TN:
SF:src/node/docblock/SDocblock.js
FNF:0
FNH:0
DA:5,2
LF:1
LH:1
BRF:0
BRH:0
end_of_record
TN:
SF:src/node/docblock/SDocblockBlock.js
FNF:0
FNH:0
DA:5,1
LF:1
LH:1
BRF:0
BRH:0
end_of_record
TN:
SF:src/node/docblock/firstDocblocksWithNamespaceInFolder.js
FN:31,firstDocblockWithNamespaceInFolder
FN:48,(anonymous_1)
FNF:2
FNH:2
FNDA:1,firstDocblockWithNamespaceInFolder
FNDA:2,(anonymous_1)
DA:1,1
DA:2,1
DA:3,1
DA:4,1
DA:5,1
DA:6,1
DA:7,1
DA:8,1
DA:31,1
DA:35,1
DA:42,1
DA:44,1
DA:46,1
DA:48,1
DA:49,2
DA:50,2
DA:52,2
DA:56,2
DA:57,2
DA:59,2
DA:60,2
DA:63,2
DA:66,2
DA:72,1
LF:24
LH:24
BRDA:33,0,0,1
BRDA:42,1,0,0
BRDA:42,1,1,1
BRDA:50,2,0,0
BRDA:50,2,1,2
BRDA:57,3,0,2
BRDA:57,3,1,0
BRDA:59,4,0,0
BRDA:59,4,1,2
BRDA:63,5,0,2
BRDA:63,5,1,0
BRF:11
BRH:6
end_of_record
TN:
SF:src/node/encoding/base64.js
FNF:0
FNH:0
DA:5,1
LF:1
LH:1
BRF:0
BRH:0
end_of_record
TN:
SF:src/node/fs/ensureDirSync.js
FN:24,ensureDirSync
FNF:1
FNH:1
FNDA:1,ensureDirSync
DA:1,1
DA:24,1
DA:25,1
LF:3
LH:3
BRF:0
BRH:0
end_of_record
TN:
SF:src/node/fs/extension.js
FN:19,extension
FNF:1
FNH:0
FNDA:0,extension
DA:19,2
DA:20,0
LF:2
LH:1
BRF:0
BRH:0
end_of_record
TN:
SF:src/node/fs/filename.js
FN:22,filename
FNF:1
FNH:1
FNDA:2,filename
DA:1,2
DA:22,2
DA:23,2
DA:24,2
DA:25,0
DA:27,2
LF:6
LH:5
BRDA:22,0,0,2
BRDA:24,1,0,0
BRDA:24,1,1,2
BRF:3
BRH:2
end_of_record
TN:
SF:src/node/fs/isPath.js
FN:24,isPath
FNF:1
FNH:1
FNDA:5,isPath
DA:1,3
DA:2,3
DA:24,3
DA:26,5
DA:29,5
DA:30,5
DA:34,4
LF:7
LH:7
BRDA:24,0,0,0
BRDA:26,1,0,0
BRDA:26,1,1,5
BRDA:29,2,0,5
BRDA:29,2,1,0
BRDA:30,3,0,1
BRDA:30,3,1,4
BRF:7
BRH:4
end_of_record
TN:
SF:src/node/fs/removeSync.js
FN:23,removeSync
FNF:1
FNH:0
FNDA:0,removeSync
DA:1,1
DA:23,1
DA:24,0
LF:3
LH:2
BRF:0
BRH:0
end_of_record
TN:
SF:src/node/fs/tmpDir.js
FN:21,(anonymous_0)
FNF:1
FNH:1
FNDA:2,(anonymous_0)
DA:1,2
DA:21,2
DA:22,2
LF:3
LH:3
BRF:0
BRH:0
end_of_record
TN:
SF:src/node/fs/writeFileSync.js
FN:25,writeFileSync
FNF:1
FNH:1
FNDA:2,writeFileSync
DA:1,4
DA:25,4
DA:26,2
LF:3
LH:3
BRDA:25,0,0,2
BRF:1
BRH:1
end_of_record
TN:
SF:src/node/function/debounce.js
FNF:0
FNH:0
DA:5,1
LF:1
LH:1
BRF:0
BRH:0
end_of_record
TN:
SF:src/node/function/setRecursiveTimeout.js
FNF:0
FNH:0
DA:5,1
LF:1
LH:1
BRF:0
BRH:0
end_of_record
TN:
SF:src/node/function/sleep.js
FNF:0
FNH:0
DA:5,1
LF:1
LH:1
BRF:0
BRH:0
end_of_record
TN:
SF:src/node/function/throttle.js
FNF:0
FNH:0
DA:5,1
LF:1
LH:1
BRF:0
BRH:0
end_of_record
TN:
SF:src/node/geom/circleConstrain.js
FNF:0
FNH:0
DA:5,1
LF:1
LH:1
BRF:0
BRH:0
end_of_record
TN:
SF:src/node/google/SGoogleCustomSearch.js
FNF:0
FNH:0
DA:5,1
LF:1
LH:1
BRF:0
BRH:0
end_of_record
TN:
SF:src/node/html/replaceTags.js
FNF:0
FNH:0
DA:5,1
LF:1
LH:1
BRF:0
BRH:0
end_of_record
TN:
SF:src/node/html/striptags.js
FNF:0
FNH:0
DA:5,2
LF:1
LH:1
BRF:0
BRH:0
end_of_record
TN:
SF:src/node/http/request.js
FNF:0
FNH:0
DA:5,1
LF:1
LH:1
BRF:0
BRH:0
end_of_record
TN:
SF:src/node/is/childProcess.js
FN:16,childProcess
FNF:1
FNH:0
FNDA:0,childProcess
DA:16,1
DA:17,0
LF:2
LH:1
BRDA:17,0,0,0
BRDA:17,0,1,0
BRF:2
BRH:0
end_of_record
TN:
SF:src/node/is/json.js
FNF:0
FNH:0
DA:5,1
LF:1
LH:1
BRF:0
BRH:0
end_of_record
TN:
SF:src/node/is/path.js
FN:20,path
FNF:1
FNH:1
FNDA:5,path
DA:1,3
DA:20,3
DA:21,5
LF:3
LH:3
BRDA:20,0,0,0
BRF:1
BRH:0
end_of_record
TN:
SF:src/node/keyboard/hotkey.js
FN:31,hotkey
FN:49,(anonymous_1)
FN:51,(anonymous_2)
FN:69,(anonymous_3)
FN:70,(anonymous_4)
FN:116,(anonymous_5)
FN:117,(anonymous_6)
FN:122,(anonymous_7)
FNF:8
FNH:0
FNDA:0,hotkey
FNDA:0,(anonymous_1)
FNDA:0,(anonymous_2)
FNDA:0,(anonymous_3)
FNDA:0,(anonymous_4)
FNDA:0,(anonymous_5)
FNDA:0,(anonymous_6)
FNDA:0,(anonymous_7)
DA:1,1
DA:2,1
DA:3,1
DA:4,1
DA:29,1
DA:30,1
DA:31,1
DA:33,0
DA:42,0
DA:44,0
DA:45,0
DA:47,0
DA:49,0
DA:51,0
DA:52,0
DA:53,0
DA:55,0
DA:56,0
DA:58,0
DA:59,0
DA:62,0
DA:63,0
DA:66,0
DA:69,0
DA:71,0
DA:72,0
DA:78,0
DA:84,0
DA:87,0
DA:89,0
DA:90,0
DA:91,0
DA:92,0
DA:93,0
DA:94,0
DA:95,0
DA:97,0
DA:98,0
DA:104,0
DA:116,0
DA:118,0
DA:119,0
DA:124,0
DA:129,0
DA:136,0
LF:45
LH:7
BRDA:31,0,0,0
BRDA:44,1,0,0
BRDA:44,1,1,0
BRDA:53,2,0,0
BRDA:53,2,1,0
BRDA:53,3,0,0
BRDA:53,3,1,0
BRDA:55,4,0,0
BRDA:55,4,1,0
BRDA:56,5,0,0
BRDA:56,5,1,0
BRDA:58,6,0,0
BRDA:58,6,1,0
BRDA:59,7,0,0
BRDA:59,7,1,0
BRDA:62,8,0,0
BRDA:62,8,1,0
BRDA:62,9,0,0
BRDA:62,9,1,0
BRDA:63,10,0,0
BRDA:63,10,1,0
BRDA:71,11,0,0
BRDA:71,11,1,0
BRDA:71,12,0,0
BRDA:71,12,1,0
BRDA:74,13,0,0
BRDA:74,13,1,0
BRDA:75,14,0,0
BRDA:75,14,1,0
BRDA:76,15,0,0
BRDA:76,15,1,0
BRDA:80,16,0,0
BRDA:80,16,1,0
BRDA:81,17,0,0
BRDA:81,17,1,0
BRDA:82,18,0,0
BRDA:82,18,1,0
BRDA:87,19,0,0
BRDA:87,19,1,0
BRDA:90,20,0,0
BRDA:90,20,1,0
BRDA:92,21,0,0
BRDA:92,21,1,0
BRDA:94,22,0,0
BRDA:94,22,1,0
BRDA:97,23,0,0
BRDA:97,23,1,0
BRDA:100,24,0,0
BRDA:100,24,1,0
BRDA:101,25,0,0
BRDA:101,25,1,0
BRDA:102,26,0,0
BRDA:102,26,1,0
BRDA:106,27,0,0
BRDA:106,27,1,0
BRDA:107,28,0,0
BRDA:107,28,1,0
BRDA:108,29,0,0
BRDA:108,29,1,0
BRDA:118,30,0,0
BRDA:118,30,1,0
BRF:61
BRH:0
end_of_record
TN:
SF:src/node/log/SLog.js
FNF:0
FNH:0
DA:5,2
LF:1
LH:1
BRF:0
BRH:0
end_of_record
TN:
SF:src/node/log/debug.js
FNF:0
FNH:0
DA:5,1
LF:1
LH:1
BRF:0
BRH:0
end_of_record
TN:
SF:src/node/log/error.js
FNF:0
FNH:0
DA:5,1
LF:1
LH:1
BRF:0
BRH:0
end_of_record
TN:
SF:src/node/log/info.js
FNF:0
FNH:0
DA:5,1
LF:1
LH:1
BRF:0
BRH:0
end_of_record
TN:
SF:src/node/log/log.js
FNF:0
FNH:0
DA:5,1
LF:1
LH:1
BRF:0
BRH:0
end_of_record
TN:
SF:src/node/log/warn.js
FNF:0
FNH:0
DA:5,1
LF:1
LH:1
BRF:0
BRH:0
end_of_record
TN:
SF:src/node/log/__tests__/SLogFilesAdapter.js
FN:4,(anonymous_0)
FN:6,(anonymous_1)
FN:25,(anonymous_2)
FN:27,(anonymous_3)
FN:33,(anonymous_4)
FNF:5
FNH:5
FNDA:1,(anonymous_0)
FNDA:1,(anonymous_1)
FNDA:1,(anonymous_2)
FNDA:1,(anonymous_3)
FNDA:1,(anonymous_4)
DA:1,1
DA:2,1
DA:4,1
DA:6,1
DA:8,1
DA:17,1
DA:19,1
DA:20,1
DA:21,1
DA:22,1
DA:23,1
DA:25,1
DA:27,1
DA:29,1
DA:31,1
DA:33,1
DA:34,1
LF:17
LH:17
BRF:0
BRH:0
end_of_record
TN:
SF:src/node/log/adapters/SLogFilesAdapter.js
FN:49,(anonymous_0)
FN:75,(anonymous_1)
FN:76,(anonymous_2)
FNF:3
FNH:3
FNDA:1,(anonymous_0)
FNDA:5,(anonymous_1)
FNDA:5,(anonymous_2)
DA:1,1
DA:2,1
DA:3,1
DA:4,1
DA:36,1
DA:51,1
DA:76,5
DA:78,5
DA:81,5
DA:84,5
DA:87,5
LF:11
LH:11
BRDA:49,0,0,0
BRF:1
BRH:0
end_of_record
TN:
SF:src/node/log/htmlPresets/files.js
FNF:0
FNH:0
DA:5,1
LF:1
LH:1
BRF:0
BRH:0
end_of_record
TN:
SF:src/node/nav/SNav.js
FNF:0
FNH:0
DA:5,1
LF:1
LH:1
BRF:0
BRH:0
end_of_record
TN:
SF:src/node/nav/SNavItem.js
FNF:0
FNH:0
DA:5,2
LF:1
LH:1
BRF:0
BRH:0
end_of_record
TN:
SF:src/node/number/constrain.js
FNF:0
FNH:0
DA:5,1
LF:1
LH:1
BRF:0
BRH:0
end_of_record
TN:
SF:src/node/object/SWatch.js
FNF:0
FNH:0
DA:5,1
LF:1
LH:1
BRF:0
BRH:0
end_of_record
TN:
SF:src/node/object/deepMap.js
FNF:0
FNH:0
DA:5,1
LF:1
LH:1
BRF:0
BRH:0
end_of_record
TN:
SF:src/node/object/deepMerge.js
FNF:0
FNH:0
DA:5,10
LF:1
LH:1
BRF:0
BRH:0
end_of_record
TN:
SF:src/node/object/diff.js
FNF:0
FNH:0
DA:5,4
LF:1
LH:1
BRF:0
BRH:0
end_of_record
TN:
SF:src/node/object/ensureExists.js
FNF:0
FNH:0
DA:5,1
LF:1
LH:1
BRF:0
BRH:0
end_of_record
TN:
SF:src/node/object/extractValues.js
FNF:0
FNH:0
DA:5,2
LF:1
LH:1
BRF:0
BRH:0
end_of_record
TN:
SF:src/node/object/flatten.js
FNF:0
FNH:0
DA:5,1
LF:1
LH:1
BRF:0
BRH:0
end_of_record
TN:
SF:src/node/object/get.js
FNF:0
FNH:0
DA:5,1
LF:1
LH:1
BRF:0
BRH:0
end_of_record
TN:
SF:src/node/object/getKeyByValue.js
FNF:0
FNH:0
DA:5,1
LF:1
LH:1
BRF:0
BRH:0
end_of_record
TN:
SF:src/node/object/propertyProxy.js
FNF:0
FNH:0
DA:5,1
LF:1
LH:1
BRF:0
BRH:0
end_of_record
TN:
SF:src/node/object/resolveTokens.js
FNF:0
FNH:0
DA:5,3
LF:1
LH:1
BRF:0
BRH:0
end_of_record
TN:
SF:src/node/object/set.js
FNF:0
FNH:0
DA:5,1
LF:1
LH:1
BRF:0
BRH:0
end_of_record
TN:
SF:src/node/object/watch.js
FNF:0
FNH:0
DA:5,1
LF:1
LH:1
BRF:0
BRH:0
end_of_record
TN:
SF:src/node/package/json.js
FN:21,json
FNF:1
FNH:1
FNDA:2,json
DA:1,1
DA:2,1
DA:21,1
DA:22,2
DA:23,2
DA:24,2
LF:6
LH:6
BRDA:21,0,0,0
BRDA:21,1,0,2
BRDA:23,2,0,0
BRDA:23,2,1,2
BRF:4
BRH:2
end_of_record
TN:
SF:src/node/package/namespace.js
FN:25,namespace
FNF:1
FNH:1
FNDA:2,namespace
DA:1,1
DA:2,1
DA:3,1
DA:4,1
DA:25,1
DA:26,2
DA:28,2
DA:29,2
DA:30,2
DA:31,2
DA:32,2
DA:33,2
DA:36,2
DA:37,2
DA:38,2
DA:39,1
DA:43,2
DA:45,2
DA:50,2
DA:55,2
LF:20
LH:20
BRDA:25,0,0,2
BRDA:26,1,0,2
BRDA:26,1,1,0
BRDA:28,2,0,2
BRDA:28,2,1,0
BRDA:31,3,0,2
BRDA:31,3,1,0
BRDA:31,4,0,2
BRDA:31,4,1,2
BRDA:33,5,0,2
BRDA:33,5,1,0
BRDA:33,6,0,2
BRDA:33,6,1,2
BRDA:38,7,0,1
BRDA:38,7,1,1
BRDA:38,8,0,2
BRDA:38,8,1,2
BRF:17
BRH:13
end_of_record
TN:
SF:src/node/package/rootPath.js
FN:21,rootPath
FNF:1
FNH:1
FNDA:2,rootPath
DA:1,1
DA:21,1
DA:22,2
LF:3
LH:3
BRDA:21,0,0,0
BRDA:21,1,0,0
BRF:2
BRH:0
end_of_record
TN:
SF:src/node/path/packageRoot.js
FN:21,packageRoot
FNF:1
FNH:1
FNDA:5,packageRoot
DA:1,3
DA:21,3
DA:22,5
DA:23,5
DA:25,5
DA:26,5
DA:27,5
DA:28,5
DA:32,0
DA:33,0
DA:34,0
DA:35,0
DA:37,0
DA:38,0
DA:40,0
LF:15
LH:8
BRDA:21,0,0,2
BRDA:21,1,0,3
BRDA:25,2,0,5
BRDA:25,2,1,0
BRDA:26,3,0,5
BRDA:26,3,1,0
BRDA:27,4,0,0
BRDA:27,4,1,5
BRDA:33,5,0,0
BRDA:33,5,1,0
BRDA:37,6,0,0
BRDA:37,6,1,0
BRF:12
BRH:5
end_of_record
TN:
SF:src/node/process/SChildProcess.js
FN:85,(anonymous_0)
FN:86,(anonymous_1)
FN:119,(anonymous_2)
FN:141,(anonymous_3)
FN:143,(anonymous_4)
FN:146,(anonymous_5)
FN:212,(anonymous_6)
FN:236,(anonymous_7)
FN:245,(anonymous_8)
FN:280,(anonymous_9)
FN:301,(anonymous_10)
FN:315,(anonymous_11)
FN:343,(anonymous_12)
FN:360,(anonymous_13)
FN:373,(anonymous_14)
FN:388,(anonymous_15)
FN:403,(anonymous_16)
FN:422,(anonymous_17)
FN:424,(anonymous_18)
FNF:19
FNH:0
FNDA:0,(anonymous_0)
FNDA:0,(anonymous_1)
FNDA:0,(anonymous_2)
FNDA:0,(anonymous_3)
FNDA:0,(anonymous_4)
FNDA:0,(anonymous_5)
FNDA:0,(anonymous_6)
FNDA:0,(anonymous_7)
FNDA:0,(anonymous_8)
FNDA:0,(anonymous_9)
FNDA:0,(anonymous_10)
FNDA:0,(anonymous_11)
FNDA:0,(anonymous_12)
FNDA:0,(anonymous_13)
FNDA:0,(anonymous_14)
FNDA:0,(anonymous_15)
FNDA:0,(anonymous_16)
FNDA:0,(anonymous_17)
FNDA:0,(anonymous_18)
DA:1,1
DA:2,1
DA:3,1
DA:4,1
DA:5,1
DA:6,1
DA:7,1
DA:8,1
DA:9,1
DA:26,1
DA:37,0
DA:49,0
DA:61,0
DA:73,0
DA:86,0
DA:87,0
DA:88,0
DA:120,0
DA:142,0
DA:146,0
DA:147,0
DA:148,0
DA:151,0
DA:153,0
DA:160,0
DA:179,0
DA:182,0
DA:183,0
DA:184,0
DA:190,0
DA:194,0
DA:200,0
DA:204,0
DA:205,0
DA:213,0
DA:217,0
DA:221,0
DA:227,0
DA:234,0
DA:237,0
DA:241,0
DA:244,0
DA:245,0
DA:246,0
DA:247,0
DA:249,0
DA:250,0
DA:252,0
DA:253,0
DA:254,0
DA:260,0
DA:264,0
DA:270,0
DA:273,0
DA:280,0
DA:281,0
DA:282,0
DA:283,0
DA:284,0
DA:285,0
DA:286,0
DA:288,0
DA:289,0
DA:301,0
DA:302,0
DA:303,0
DA:314,0
DA:315,0
DA:316,0
DA:317,0
DA:318,0
DA:319,0
DA:320,0
DA:328,0
DA:331,0
DA:332,0
DA:335,0
DA:342,0
DA:343,0
DA:344,0
DA:345,0
DA:349,0
DA:357,0
DA:361,0
DA:374,0
DA:389,0
DA:404,0
DA:423,0
DA:424,0
DA:425,0
DA:426,0
DA:429,0
LF:92
LH:10
BRDA:85,0,0,0
BRDA:93,1,0,0
BRDA:93,1,1,0
BRDA:99,2,0,0
BRDA:99,2,1,0
BRDA:120,3,0,0
BRDA:120,3,1,0
BRDA:141,4,0,0
BRDA:141,5,0,0
BRDA:147,6,0,0
BRDA:147,6,1,0
BRDA:182,7,0,0
BRDA:182,7,1,0
BRDA:183,8,0,0
BRDA:183,8,1,0
BRDA:227,9,0,0
BRDA:227,9,1,0
BRDA:245,10,0,0
BRDA:246,11,0,0
BRDA:246,11,1,0
BRDA:252,12,0,0
BRDA:252,12,1,0
BRDA:253,13,0,0
BRDA:253,13,1,0
BRDA:281,14,0,0
BRDA:281,14,1,0
BRDA:281,15,0,0
BRDA:281,15,1,0
BRDA:284,16,0,0
BRDA:284,16,1,0
BRDA:284,17,0,0
BRDA:284,17,1,0
BRDA:314,18,0,0
BRDA:314,18,1,0
BRDA:318,19,0,0
BRDA:318,19,1,0
BRDA:342,20,0,0
BRDA:342,20,1,0
BRDA:360,21,0,0
BRDA:360,22,0,0
BRDA:374,23,0,0
BRDA:374,23,1,0
BRDA:389,24,0,0
BRDA:389,24,1,0
BRDA:404,25,0,0
BRDA:404,25,1,0
BRDA:405,26,0,0
BRDA:405,26,1,0
BRDA:405,26,2,0
BRDA:423,27,0,0
BRDA:423,27,1,0
BRF:51
BRH:0
end_of_record
TN:
SF:src/node/process/output.js
FN:26,(anonymous_0)
FNF:1
FNH:0
FNDA:0,(anonymous_0)
DA:1,1
DA:26,1
DA:27,0
DA:28,0
LF:4
LH:2
BRDA:26,0,0,0
BRF:1
BRH:0
end_of_record
TN:
SF:src/node/process/registerProcess.js
FN:21,registerProcess
FN:25,(anonymous_1)
FNF:2
FNH:0
FNDA:0,registerProcess
FNDA:0,(anonymous_1)
DA:1,1
DA:21,1
DA:22,0
DA:23,0
DA:24,0
DA:25,0
DA:26,0
LF:7
LH:2
BRDA:21,0,0,0
BRDA:22,1,0,0
BRDA:22,1,1,0
BRDA:24,2,0,0
BRDA:24,2,1,0
BRDA:24,3,0,0
BRDA:24,3,1,0
BRF:7
BRH:0
end_of_record
TN:
SF:src/node/promise/SPromise.js
FNF:0
FNH:0
DA:5,4
LF:1
LH:1
BRF:0
BRH:0
end_of_record
TN:
SF:src/node/stream/SActionsStream.js
FNF:0
FNH:0
DA:5,1
LF:1
LH:1
BRF:0
BRH:0
end_of_record
TN:
SF:src/node/string/camelize.js
FNF:0
FNH:0
DA:5,1
LF:1
LH:1
BRF:0
BRH:0
end_of_record
TN:
SF:src/node/string/countLine.js
FNF:0
FNH:0
DA:5,2
LF:1
LH:1
BRF:0
BRH:0
end_of_record
TN:
SF:src/node/string/crop.js
FNF:0
FNH:0
DA:5,1
LF:1
LH:1
BRF:0
BRH:0
end_of_record
TN:
SF:src/node/string/lowerFirst.js
FNF:0
FNH:0
DA:5,1
LF:1
LH:1
BRF:0
BRH:0
end_of_record
TN:
SF:src/node/string/paramCase.js
FNF:0
FNH:0
DA:5,1
LF:1
LH:1
BRF:0
BRH:0
end_of_record
TN:
SF:src/node/string/parse.js
FNF:0
FNH:0
DA:5,1
LF:1
LH:1
BRF:0
BRH:0
end_of_record
TN:
SF:src/node/string/simplify.js
FNF:0
FNH:0
DA:5,1
LF:1
LH:1
BRF:0
BRH:0
end_of_record
TN:
SF:src/node/string/sprintf.js
FNF:0
FNH:0
DA:5,1
LF:1
LH:1
BRF:0
BRH:0
end_of_record
TN:
SF:src/node/string/toString.js
FNF:0
FNH:0
DA:5,1
LF:1
LH:1
BRF:0
BRH:0
end_of_record
TN:
SF:src/node/string/trimLines.js
FNF:0
FNH:0
DA:5,1
LF:1
LH:1
BRF:0
BRH:0
end_of_record
TN:
SF:src/node/string/uniqid.js
FNF:0
FNH:0
DA:5,2
LF:1
LH:1
BRF:0
BRH:0
end_of_record
TN:
SF:src/node/string/upperFirst.js
FNF:0
FNH:0
DA:5,1
LF:1
LH:1
BRF:0
BRH:0
end_of_record
TN:
SF:src/node/terminal/center.js
FN:23,center
FN:33,(anonymous_1)
FNF:2
FNH:2
FNDA:1,center
FNDA:1,(anonymous_1)
DA:1,1
DA:2,1
DA:23,1
DA:24,1
DA:31,1
DA:32,1
DA:33,1
DA:34,1
DA:35,1
DA:39,1
LF:10
LH:10
BRDA:23,0,0,1
BRDA:31,1,0,1
BRDA:31,1,1,1
BRDA:32,2,0,0
BRDA:32,2,1,1
BRDA:39,3,0,0
BRDA:39,3,1,1
BRF:7
BRH:5
end_of_record
TN:
SF:src/node/terminal/columns.js
FN:27,columns
FN:43,(anonymous_1)
FN:60,(anonymous_2)
FN:69,(anonymous_3)
FNF:4
FNH:4
FNDA:1,columns
FNDA:2,(anonymous_1)
FNDA:2,(anonymous_2)
FNDA:4,(anonymous_3)
DA:1,1
DA:2,1
DA:3,1
DA:27,1
DA:28,1
DA:36,1
DA:38,1
DA:40,1
DA:41,1
DA:43,1
DA:45,2
DA:51,2
DA:53,2
DA:59,1
DA:60,1
DA:61,2
DA:62,1
DA:66,1
DA:67,2
DA:69,2
DA:71,4
DA:73,4
DA:74,4
DA:75,4
DA:76,4
DA:77,0
DA:79,4
DA:82,4
DA:88,4
DA:89,0
DA:95,4
DA:96,2
DA:100,2
DA:101,2
DA:110,2
DA:111,2
DA:114,1
LF:37
LH:35
BRDA:27,0,0,1
BRDA:30,1,0,1
BRDA:30,1,1,1
BRDA:31,2,0,1
BRDA:31,2,1,1
BRDA:45,3,0,1
BRDA:45,3,1,1
BRDA:47,4,0,1
BRDA:47,4,1,0
BRDA:61,5,0,1
BRDA:61,5,1,1
BRDA:71,6,0,2
BRDA:71,6,1,2
BRDA:71,7,0,2
BRDA:71,7,1,0
BRDA:73,8,0,2
BRDA:73,8,1,2
BRDA:73,9,0,2
BRDA:73,9,1,0
BRDA:76,10,0,0
BRDA:76,10,1,4
BRDA:83,11,0,4
BRDA:83,11,1,0
BRDA:84,12,0,0
BRDA:84,12,1,4
BRDA:88,13,0,0
BRDA:88,13,1,4
BRDA:95,14,0,2
BRDA:95,14,1,2
BRDA:100,15,0,2
BRDA:100,15,1,0
BRF:31
BRH:23
end_of_record
TN:
SF:src/node/terminal/parseHtml.js
FN:23,parseHtml
FN:34,(anonymous_1)
FN:38,(anonymous_2)
FN:41,(anonymous_3)
FN:45,(anonymous_4)
FN:46,(anonymous_5)
FN:48,(anonymous_6)
FN:49,(anonymous_7)
FNF:8
FNH:0
FNDA:0,parseHtml
FNDA:0,(anonymous_1)
FNDA:0,(anonymous_2)
FNDA:0,(anonymous_3)
FNDA:0,(anonymous_4)
FNDA:0,(anonymous_5)
FNDA:0,(anonymous_6)
FNDA:0,(anonymous_7)
DA:1,1
DA:2,1
DA:3,1
DA:4,1
DA:5,1
DA:6,1
DA:23,1
DA:24,0
DA:25,0
DA:26,0
DA:28,0
DA:31,0
DA:33,0
DA:34,0
DA:36,0
DA:37,0
DA:38,0
DA:39,0
DA:41,0
DA:42,0
DA:45,0
DA:46,0
DA:47,0
DA:48,0
DA:49,0
DA:50,0
DA:53,0
DA:56,0
DA:57,0
LF:29
LH:7
BRDA:25,0,0,0
BRDA:25,0,1,0
BRDA:56,1,0,0
BRDA:56,1,1,0
BRF:4
BRH:0
end_of_record
TN:
SF:src/node/terminal/parseMarkdown.js
FN:17,parseMarkdown
FN:25,(anonymous_1)
FNF:2
FNH:0
FNDA:0,parseMarkdown
FNDA:0,(anonymous_1)
DA:1,1
DA:17,1
DA:18,0
DA:19,0
DA:20,0
DA:22,0
DA:25,0
DA:26,0
DA:27,0
DA:28,0
DA:29,0
DA:34,0
DA:35,0
DA:36,0
DA:37,0
DA:43,0
DA:44,0
DA:46,0
DA:47,0
DA:49,0
DA:50,0
DA:52,0
DA:53,0
DA:55,0
DA:56,0
DA:59,0
DA:62,0
DA:63,0
LF:28
LH:2
BRDA:19,0,0,0
BRDA:19,0,1,0
BRDA:28,1,0,0
BRDA:28,1,1,0
BRDA:36,2,0,0
BRDA:36,2,1,0
BRDA:43,3,0,0
BRDA:43,3,1,0
BRDA:46,4,0,0
BRDA:46,4,1,0
BRDA:49,5,0,0
BRDA:49,5,1,0
BRDA:52,6,0,0
BRDA:52,6,1,0
BRDA:55,7,0,0
BRDA:55,7,1,0
BRDA:62,8,0,0
BRDA:62,8,1,0
BRF:18
BRH:0
end_of_record
TN:
SF:src/node/terminal/__tests__/center.js
FN:1,(anonymous_0)
FN:3,(anonymous_1)
FN:5,(anonymous_2)
FNF:3
FNH:3
FNDA:1,(anonymous_0)
FNDA:1,(anonymous_1)
FNDA:1,(anonymous_2)
DA:1,1
DA:3,1
DA:5,1
DA:7,1
DA:9,1
LF:5
LH:5
BRF:0
BRH:0
end_of_record
TN:
SF:src/node/terminal/__tests__/columns.js
FN:1,(anonymous_0)
FN:3,(anonymous_1)
FN:5,(anonymous_2)
FNF:3
FNH:3
FNDA:1,(anonymous_0)
FNDA:1,(anonymous_1)
FNDA:1,(anonymous_2)
DA:1,1
DA:3,1
DA:5,1
DA:7,1
DA:9,1
LF:5
LH:5
BRF:0
BRH:0
end_of_record
TN:
SF:src/node/terminal/__wip__/splitLineEvery.js
FN:19,splitLineEvery
FN:29,(anonymous_1)
FN:33,(anonymous_2)
FN:45,(anonymous_3)
FN:64,(anonymous_4)
FNF:5
FNH:5
FNDA:2,splitLineEvery
FNDA:2,(anonymous_1)
FNDA:2,(anonymous_2)
FNDA:23,(anonymous_3)
FNDA:4,(anonymous_4)
DA:19,1
DA:20,2
DA:21,2
DA:22,2
DA:24,2
DA:26,2
DA:27,2
DA:29,2
DA:30,2
DA:33,2
DA:34,2
DA:35,0
DA:36,2
DA:37,0
DA:38,2
DA:39,0
DA:41,2
DA:45,2
DA:46,23
DA:47,23
DA:48,23
DA:50,23
DA:53,23
DA:55,23
DA:56,2
DA:57,2
DA:58,2
DA:62,2
DA:64,2
DA:65,4
DA:68,2
LF:31
LH:28
BRDA:34,0,0,0
BRDA:34,0,1,2
BRDA:36,1,0,0
BRDA:36,1,1,2
BRDA:38,2,0,0
BRDA:38,2,1,2
BRDA:46,3,0,0
BRDA:46,3,1,23
BRDA:47,4,0,0
BRDA:47,4,1,23
BRDA:48,5,0,0
BRDA:48,5,1,23
BRDA:55,6,0,2
BRDA:55,6,1,21
BRDA:55,7,0,23
BRDA:55,7,1,21
BRF:16
BRH:10
end_of_record
TN:
SF:src/node/time/STimer.js
FNF:0
FNH:0
DA:5,1
LF:1
LH:1
BRF:0
BRH:0
end_of_record
TN:
SF:src/node/time/convert.js
FNF:0
FNH:0
DA:5,1
LF:1
LH:1
BRF:0
BRH:0
end_of_record
TN:
SF:src/node/time/wait.js
FNF:0
FNH:0
DA:5,1
LF:1
LH:1
BRF:0
BRH:0
end_of_record
TN:
SF:src/node/url/parseSchema.js
FNF:0
FNH:0
DA:5,1
LF:1
LH:1
BRF:0
BRH:0
end_of_record
TN:
SF:src/node/url/queryStringToObject.js
FNF:0
FNH:0
DA:5,1
LF:1
LH:1
BRF:0
BRH:0
end_of_record
TN:
SF:src/node/validation/cli/validateCliDefinitionObject.js
FNF:0
FNH:0
DA:5,1
LF:1
LH:1
BRF:0
BRH:0
end_of_record
